
------------------------------------------------------------
START NEW RUN: 2025-12-25 20:03:06
------------------------------------------------------------

2025-12-25 20:03:06 | INFO     | src.cli:parse_args:25 - Config path: /leonardo_work/AIFAC_S02_060/data/yk/code/apps/analysis/plot_lib/depth_overlay/configs/default.json
2025-12-25 20:03:06 | INFO     | src.cli:parse_args:29 - Default Config path: /leonardo_work/AIFAC_S02_060/data/yk/code/apps/analysis/plot_lib/depth_overlay/configs/default.json
2025-12-25 20:03:06 | INFO     | __main__:main:14 - Script started with args
2025-12-25 20:03:06 | WARNING  | research_utils.viz.overlay:plot_overlay:46 - Dimension mismatch, resizing depth map
2025-12-25 20:03:06 | INFO     | research_utils.viz.overlay:get_save_path:16 - Generating save path
2025-12-25 20:03:06 | INFO     | research_utils.viz.overlay:plot_overlay:67 - Saving figure to /leonardo_work/AIFAC_S02_060/data/yk/code/apps/analysis/plot_lib/depth_overlay/output/1K_0a1b7c20a92c43c6b8954b1ac909fb2f0fa8b2997b80604bc8bbec80a1cb2da3/frame_00001.jpg
2025-12-25 20:03:06 | INFO     | __main__:main:21 - - Export Full path: /leonardo_work/AIFAC_S02_060/data/yk/code/apps/analysis/plot_lib/depth_overlay/output
2025-12-25 20:03:06 | INFO     | __main__:main:22 - - RGB Full path: /leonardo_work/AIFAC_S02_060/data/yk/debug/dl3dv_wai_dummy/1K_0a1b7c20a92c43c6b8954b1ac909fb2f0fa8b2997b80604bc8bbec80a1cb2da3/images/frame_00001.jpg
2025-12-25 20:03:06 | INFO     | __main__:main:23 - Process finished

------------------------------------------------------------
START NEW RUN: 2025-12-25 20:10:10
------------------------------------------------------------

25-12-2025 20:10:10 | INFO | src.cli:parse_args:25 - Config path: /leonardo_work/AIFAC_S02_060/data/yk/code/apps/analysis/plot_lib/depth_overlay/configs/default.json
25-12-2025 20:10:10 | INFO | src.cli:parse_args:29 - Default Config path: /leonardo_work/AIFAC_S02_060/data/yk/code/apps/analysis/plot_lib/depth_overlay/configs/default.json
25-12-2025 20:10:10 | INFO | __main__:main:14 - Script started with args
25-12-2025 20:10:10 | WARNING | research_utils.viz.overlay:plot_overlay:46 - Dimension mismatch, resizing depth map
25-12-2025 20:10:10 | INFO | research_utils.viz.overlay:get_save_path:16 - Generating save path
25-12-2025 20:10:10 | INFO | research_utils.viz.overlay:plot_overlay:67 - Saving figure to /leonardo_work/AIFAC_S02_060/data/yk/code/apps/analysis/plot_lib/depth_overlay/output/1K_0a1b7c20a92c43c6b8954b1ac909fb2f0fa8b2997b80604bc8bbec80a1cb2da3/frame_00001.jpg
25-12-2025 20:10:10 | INFO | __main__:main:21 - - Export Full path: /leonardo_work/AIFAC_S02_060/data/yk/code/apps/analysis/plot_lib/depth_overlay/output
25-12-2025 20:10:10 | INFO | __main__:main:22 - - RGB Full path: /leonardo_work/AIFAC_S02_060/data/yk/debug/dl3dv_wai_dummy/1K_0a1b7c20a92c43c6b8954b1ac909fb2f0fa8b2997b80604bc8bbec80a1cb2da3/images/frame_00001.jpg
25-12-2025 20:10:10 | INFO | __main__:main:23 - Process finished

------------------------------------------------------------
START NEW RUN: 2025-12-25 20:10:43
------------------------------------------------------------

25-12-2025 20:10:43 | INFO   | src.cli:parse_args:25 - Config path: /leonardo_work/AIFAC_S02_060/data/yk/code/apps/analysis/plot_lib/depth_overlay/configs/default.json
25-12-2025 20:10:43 | INFO   | src.cli:parse_args:29 - Default Config path: /leonardo_work/AIFAC_S02_060/data/yk/code/apps/analysis/plot_lib/depth_overlay/configs/default.json
25-12-2025 20:10:43 | INFO   | __main__:main:14 - Script started with args
25-12-2025 20:10:43 | WARNING | research_utils.viz.overlay:plot_overlay:46 - Dimension mismatch, resizing depth map
25-12-2025 20:10:43 | INFO   | research_utils.viz.overlay:get_save_path:16 - Generating save path
25-12-2025 20:10:43 | INFO   | research_utils.viz.overlay:plot_overlay:67 - Saving figure to /leonardo_work/AIFAC_S02_060/data/yk/code/apps/analysis/plot_lib/depth_overlay/output/1K_0a1b7c20a92c43c6b8954b1ac909fb2f0fa8b2997b80604bc8bbec80a1cb2da3/frame_00001.jpg
25-12-2025 20:10:43 | INFO   | __main__:main:21 - - Export Full path: /leonardo_work/AIFAC_S02_060/data/yk/code/apps/analysis/plot_lib/depth_overlay/output
25-12-2025 20:10:43 | INFO   | __main__:main:22 - - RGB Full path: /leonardo_work/AIFAC_S02_060/data/yk/debug/dl3dv_wai_dummy/1K_0a1b7c20a92c43c6b8954b1ac909fb2f0fa8b2997b80604bc8bbec80a1cb2da3/images/frame_00001.jpg
25-12-2025 20:10:43 | INFO   | __main__:main:23 - Process finished

------------------------------------------------------------
START NEW RUN: 2025-12-25 20:18:29
------------------------------------------------------------


------------------------------------------------------------
START NEW RUN: 2025-12-25 20:19:53
------------------------------------------------------------

25-12-2025 20:19:53 | INFO     | src.cli:parse_args:25 - Config path: /leonardo_work/AIFAC_S02_060/data/yk/code/apps/analysis/plot_lib/depth_overlay/configs/default.json
25-12-2025 20:19:53 | INFO     | src.cli:parse_args:29 - Default Config path: /leonardo_work/AIFAC_S02_060/data/yk/code/apps/analysis/plot_lib/depth_overlay/configs/default.json
25-12-2025 20:19:53 | INFO     | __main__:main:14 - Script started with args
25-12-2025 20:19:53 | WARNING  | research_utils.viz.overlay:plot_overlay:46 - Dimension mismatch, resizing depth map
25-12-2025 20:19:53 | INFO     | research_utils.viz.overlay:get_save_path:16 - Generating save path
25-12-2025 20:19:53 | INFO     | research_utils.viz.overlay:plot_overlay:67 - Saving figure to /leonardo_work/AIFAC_S02_060/data/yk/code/apps/analysis/plot_lib/depth_overlay/output/1K_0a1b7c20a92c43c6b8954b1ac909fb2f0fa8b2997b80604bc8bbec80a1cb2da3/frame_00001.jpg
25-12-2025 20:19:54 | INFO     | __main__:main:21 - - Export Full path: /leonardo_work/AIFAC_S02_060/data/yk/code/apps/analysis/plot_lib/depth_overlay/output
25-12-2025 20:19:54 | INFO     | __main__:main:22 - - RGB Full path: /leonardo_work/AIFAC_S02_060/data/yk/debug/dl3dv_wai_dummy/1K_0a1b7c20a92c43c6b8954b1ac909fb2f0fa8b2997b80604bc8bbec80a1cb2da3/images/frame_00001.jpg
25-12-2025 20:19:54 | INFO     | __main__:main:23 - Process finished

------------------------------------------------------------
START NEW RUN: 2025-12-25 20:22:04
------------------------------------------------------------

25-12-2025 20:22:04 | INFO    | src.cli:parse_args:25 - Config path: /leonardo_work/AIFAC_S02_060/data/yk/code/apps/analysis/plot_lib/depth_overlay/configs/default.json
25-12-2025 20:22:04 | INFO    | src.cli:parse_args:29 - Default Config path: /leonardo_work/AIFAC_S02_060/data/yk/code/apps/analysis/plot_lib/depth_overlay/configs/default.json
25-12-2025 20:22:04 | INFO    | __main__:main:14 - Script started with args
25-12-2025 20:22:04 | WARNING | research_utils.viz.overlay:plot_overlay:46 - Dimension mismatch, resizing depth map
25-12-2025 20:22:04 | INFO    | research_utils.viz.overlay:get_save_path:16 - Generating save path
25-12-2025 20:22:04 | INFO    | research_utils.viz.overlay:plot_overlay:67 - Saving figure to /leonardo_work/AIFAC_S02_060/data/yk/code/apps/analysis/plot_lib/depth_overlay/output/1K_0a1b7c20a92c43c6b8954b1ac909fb2f0fa8b2997b80604bc8bbec80a1cb2da3/frame_00001.jpg
25-12-2025 20:22:04 | INFO    | __main__:main:21 - - Export Full path: /leonardo_work/AIFAC_S02_060/data/yk/code/apps/analysis/plot_lib/depth_overlay/output
25-12-2025 20:22:04 | INFO    | __main__:main:22 - - RGB Full path: /leonardo_work/AIFAC_S02_060/data/yk/debug/dl3dv_wai_dummy/1K_0a1b7c20a92c43c6b8954b1ac909fb2f0fa8b2997b80604bc8bbec80a1cb2da3/images/frame_00001.jpg
25-12-2025 20:22:04 | INFO    | __main__:main:23 - Process finished

------------------------------------------------------------
START NEW RUN: 2025-12-25 20:26:40
------------------------------------------------------------

25-12-2025 20:26:40 | INFO    | src.cli:parse_args:25 - Config path: /leonardo_work/AIFAC_S02_060/data/yk/code/apps/analysis/plot_lib/depth_overlay/configs/default.json
25-12-2025 20:26:40 | INFO    | src.cli:parse_args:29 - Default Config path: /leonardo_work/AIFAC_S02_060/data/yk/code/apps/analysis/plot_lib/depth_overlay/configs/default.json
25-12-2025 20:26:40 | INFO    | __main__:main:14 - Script started with args
25-12-2025 20:26:40 | WARNING | research_utils.viz.overlay:plot_overlay:46 - Dimension mismatch, resizing depth map
25-12-2025 20:26:40 | INFO    | research_utils.viz.overlay:get_save_path:16 - Generating save path
25-12-2025 20:26:40 | INFO    | research_utils.viz.overlay:plot_overlay:67 - Saving figure to /leonardo_work/AIFAC_S02_060/data/yk/code/apps/analysis/plot_lib/depth_overlay/output/1K_0a1b7c20a92c43c6b8954b1ac909fb2f0fa8b2997b80604bc8bbec80a1cb2da3/frame_00001.jpg
25-12-2025 20:26:41 | INFO    | __main__:main:21 - - Export Full path: /leonardo_work/AIFAC_S02_060/data/yk/code/apps/analysis/plot_lib/depth_overlay/output
25-12-2025 20:26:41 | INFO    | __main__:main:22 - - RGB Full path: /leonardo_work/AIFAC_S02_060/data/yk/debug/dl3dv_wai_dummy/1K_0a1b7c20a92c43c6b8954b1ac909fb2f0fa8b2997b80604bc8bbec80a1cb2da3/images/frame_00001.jpg
25-12-2025 20:26:41 | INFO    | __main__:main:23 - Process finished

------------------------------------------------------------
START NEW RUN: 2025-12-25 20:31:26
------------------------------------------------------------

25-12-2025 20:31:26 | INFO    | src.cli:parse_args:25 - Config path: /leonardo_work/AIFAC_S02_060/data/yk/code/apps/analysis/plot_lib/depth_overlay/configs/default.json
25-12-2025 20:31:26 | INFO    | src.cli:parse_args:29 - Default Config path: /leonardo_work/AIFAC_S02_060/data/yk/code/apps/analysis/plot_lib/depth_overlay/configs/default.json
25-12-2025 20:31:26 | INFO    | __main__:main:14 - Script started with args
25-12-2025 20:31:26 | WARNING | research_utils.viz.overlay:plot_overlay:46 - Dimension mismatch, resizing depth map
25-12-2025 20:31:26 | INFO    | research_utils.viz.overlay:get_save_path:16 - Generating save path
25-12-2025 20:31:26 | INFO    | research_utils.viz.overlay:plot_overlay:67 - Saving figure to /leonardo_work/AIFAC_S02_060/data/yk/code/apps/analysis/plot_lib/depth_overlay/output/1K_0a1b7c20a92c43c6b8954b1ac909fb2f0fa8b2997b80604bc8bbec80a1cb2da3/frame_00001.jpg
25-12-2025 20:31:27 | INFO    | __main__:main:21 - - Export Full path: /leonardo_work/AIFAC_S02_060/data/yk/code/apps/analysis/plot_lib/depth_overlay/output
25-12-2025 20:31:27 | INFO    | __main__:main:22 - - RGB Full path: /leonardo_work/AIFAC_S02_060/data/yk/debug/dl3dv_wai_dummy/1K_0a1b7c20a92c43c6b8954b1ac909fb2f0fa8b2997b80604bc8bbec80a1cb2da3/images/frame_00001.jpg
25-12-2025 20:31:27 | INFO    | __main__:main:23 - Process finished

------------------------------------------------------------
START NEW RUN: 2025-12-25 20:39:14
------------------------------------------------------------

25-12-2025 20:39:14 | INFO    | src.cli:parse_args:25 - Config path: /leonardo_work/AIFAC_S02_060/data/yk/code/apps/analysis/plot_lib/depth_overlay/configs/default.json
25-12-2025 20:39:14 | INFO    | src.cli:parse_args:29 - Default Config path: /leonardo_work/AIFAC_S02_060/data/yk/code/apps/analysis/plot_lib/depth_overlay/configs/default.json
25-12-2025 20:39:14 | INFO    | __main__:main:14 - Script started with args
25-12-2025 20:39:14 | WARNING | research_utils.viz.overlay:plot_overlay:46 - Dimension mismatch, resizing depth map
25-12-2025 20:39:14 | INFO    | research_utils.viz.overlay:get_save_path:16 - Generating save path
25-12-2025 20:39:14 | INFO    | research_utils.viz.overlay:plot_overlay:67 - Saving figure to /leonardo_work/AIFAC_S02_060/data/yk/code/apps/analysis/plot_lib/depth_overlay/output/1K_0a1b7c20a92c43c6b8954b1ac909fb2f0fa8b2997b80604bc8bbec80a1cb2da3/frame_00001.jpg
25-12-2025 20:39:14 | INFO    | __main__:main:21 - - Export Full path: /leonardo_work/AIFAC_S02_060/data/yk/code/apps/analysis/plot_lib/depth_overlay/output
25-12-2025 20:39:14 | INFO    | __main__:main:22 - - RGB Full path: /leonardo_work/AIFAC_S02_060/data/yk/debug/dl3dv_wai_dummy/1K_0a1b7c20a92c43c6b8954b1ac909fb2f0fa8b2997b80604bc8bbec80a1cb2da3/images/frame_00001.jpg
25-12-2025 20:39:14 | INFO    | __main__:main:23 - Process finished

------------------------------------------------------------
START NEW RUN: 2025-12-25 20:39:27
------------------------------------------------------------

[38;20m20:39:27[0m | [32;20mINFO    [0m | [34;20msrc.cli:25[0m - Config path: /leonardo_work/AIFAC_S02_060/data/yk/code/apps/analysis/plot_lib/depth_overlay/configs/default.json
[38;20m20:39:27[0m | [32;20mINFO    [0m | [34;20msrc.cli:29[0m - Default Config path: /leonardo_work/AIFAC_S02_060/data/yk/code/apps/analysis/plot_lib/depth_overlay/configs/default.json
[38;20m20:39:27[0m | [32;20mINFO    [0m | [34;20m__main__:14[0m - Script started with args [38;20m>> {'input_args': {'rgb_path': '/leonardo_work/AIFAC_S02_060/data/yk/debug/dl3dv_wai_dummy/1K_0a1b7c20a92c43c6b8954b1ac909fb2f0fa8b2997b80604bc8bbec80a1cb2da3/images/frame_00001.jpg', 'depth_path': '/leonardo_work/AIFAC_S02_060/data/yk/debug/dl3dv_wai_dummy/1K_0a1b7c20a92c43c6b8954b1ac909fb2f0fa8b2997b80604bc8bbec80a1cb2da3/mvsanywhere/v0/depth/frame_00001.exr', 'export_dir': './output', 'dense_dataset': False, 'alpha': 0.6, 'log_path': 'logs/depth_overlay.log', 'config_path': 'configs/default.json'}}[0m
[38;20m20:39:27[0m | [33;20mWARNING [0m | [34;20mresearch_utils.viz.overlay:46[0m - Dimension mismatch, resizing depth map [38;20m>> {'rgb_shape': (267, 478), 'depth_shape': (480, 640)}[0m
[38;20m20:39:27[0m | [32;20mINFO    [0m | [34;20mresearch_utils.viz.overlay:16[0m - Generating save path [38;20m>> {'full_path': '/leonardo_work/AIFAC_S02_060/data/yk/code/apps/analysis/plot_lib/depth_overlay/output/1K_0a1b7c20a92c43c6b8954b1ac909fb2f0fa8b2997b80604bc8bbec80a1cb2da3/frame_00001.jpg', 'abs_path': '/leonardo_work/AIFAC_S02_060/data/yk/code/apps/analysis/plot_lib/depth_overlay/output', 'file_name': '1K_0a1b7c20a92c43c6b8954b1ac909fb2f0fa8b2997b80604bc8bbec80a1cb2da3/frame_00001.jpg'}[0m
[38;20m20:39:27[0m | [32;20mINFO    [0m | [34;20mresearch_utils.viz.overlay:67[0m - Saving figure to /leonardo_work/AIFAC_S02_060/data/yk/code/apps/analysis/plot_lib/depth_overlay/output/1K_0a1b7c20a92c43c6b8954b1ac909fb2f0fa8b2997b80604bc8bbec80a1cb2da3/frame_00001.jpg
[38;20m20:39:27[0m | [32;20mINFO    [0m | [34;20m__main__:21[0m - - Export Full path: /leonardo_work/AIFAC_S02_060/data/yk/code/apps/analysis/plot_lib/depth_overlay/output
[38;20m20:39:27[0m | [32;20mINFO    [0m | [34;20m__main__:22[0m - - RGB Full path: /leonardo_work/AIFAC_S02_060/data/yk/debug/dl3dv_wai_dummy/1K_0a1b7c20a92c43c6b8954b1ac909fb2f0fa8b2997b80604bc8bbec80a1cb2da3/images/frame_00001.jpg
[38;20m20:39:27[0m | [32;20mINFO    [0m | [34;20m__main__:23[0m - Process finished

------------------------------------------------------------
START NEW RUN: 2025-12-25 20:40:42
------------------------------------------------------------

25-12-2025 20:40:42 | INFO    | src.cli:parse_args:25 - Config path: /leonardo_work/AIFAC_S02_060/data/yk/code/apps/analysis/plot_lib/depth_overlay/configs/default.json
25-12-2025 20:40:42 | INFO    | src.cli:parse_args:29 - Default Config path: /leonardo_work/AIFAC_S02_060/data/yk/code/apps/analysis/plot_lib/depth_overlay/configs/default.json
25-12-2025 20:40:42 | INFO    | __main__:main:14 - Script started with args
25-12-2025 20:40:42 | WARNING | research_utils.viz.overlay:plot_overlay:46 - Dimension mismatch, resizing depth map
25-12-2025 20:40:42 | INFO    | research_utils.viz.overlay:get_save_path:16 - Generating save path
25-12-2025 20:40:42 | INFO    | research_utils.viz.overlay:plot_overlay:67 - Saving figure to /leonardo_work/AIFAC_S02_060/data/yk/code/apps/analysis/plot_lib/depth_overlay/output/1K_0a1b7c20a92c43c6b8954b1ac909fb2f0fa8b2997b80604bc8bbec80a1cb2da3/frame_00001.jpg
25-12-2025 20:40:42 | INFO    | __main__:main:21 - - Export Full path: /leonardo_work/AIFAC_S02_060/data/yk/code/apps/analysis/plot_lib/depth_overlay/output
25-12-2025 20:40:42 | INFO    | __main__:main:22 - - RGB Full path: /leonardo_work/AIFAC_S02_060/data/yk/debug/dl3dv_wai_dummy/1K_0a1b7c20a92c43c6b8954b1ac909fb2f0fa8b2997b80604bc8bbec80a1cb2da3/images/frame_00001.jpg
25-12-2025 20:40:42 | INFO    | __main__:main:23 - Process finished

------------------------------------------------------------
START NEW RUN: 2025-12-25 20:51:38
------------------------------------------------------------

25-12-2025 20:51:38 | INFO    | src.cli:parse_args:25 - Config path: /leonardo_work/AIFAC_S02_060/data/yk/code/apps/analysis/plot_lib/depth_overlay/configs/default.json
25-12-2025 20:51:38 | INFO    | src.cli:parse_args:29 - Default Config path: /leonardo_work/AIFAC_S02_060/data/yk/code/apps/analysis/plot_lib/depth_overlay/configs/default.json
25-12-2025 20:51:38 | INFO    | __main__:main:14 - Script started with args
25-12-2025 20:51:38 | WARNING | research_utils.viz.overlay:plot_overlay:46 - Dimension mismatch, resizing depth map
25-12-2025 20:51:38 | INFO    | research_utils.viz.overlay:get_save_path:16 - Generating save path
25-12-2025 20:51:38 | INFO    | research_utils.viz.overlay:plot_overlay:67 - Saving figure to /leonardo_work/AIFAC_S02_060/data/yk/code/apps/analysis/plot_lib/depth_overlay/output/1K_0a1b7c20a92c43c6b8954b1ac909fb2f0fa8b2997b80604bc8bbec80a1cb2da3/frame_00001.jpg
25-12-2025 20:51:38 | INFO    | __main__:main:21 - - Export Full path: /leonardo_work/AIFAC_S02_060/data/yk/code/apps/analysis/plot_lib/depth_overlay/output
25-12-2025 20:51:38 | INFO    | __main__:main:22 - - RGB Full path: /leonardo_work/AIFAC_S02_060/data/yk/debug/dl3dv_wai_dummy/1K_0a1b7c20a92c43c6b8954b1ac909fb2f0fa8b2997b80604bc8bbec80a1cb2da3/images/frame_00001.jpg
25-12-2025 20:51:38 | INFO    | __main__:main:23 - Process finished

------------------------------------------------------------
START NEW RUN: 2025-12-25 20:53:10
------------------------------------------------------------

25-12-2025 20:53:10 | INFO    | src.cli:parse_args:25 - Config path: /leonardo_work/AIFAC_S02_060/data/yk/code/apps/analysis/plot_lib/depth_overlay/configs/default.json
25-12-2025 20:53:10 | INFO    | src.cli:parse_args:29 - Default Config path: /leonardo_work/AIFAC_S02_060/data/yk/code/apps/analysis/plot_lib/depth_overlay/configs/default.json
25-12-2025 20:53:10 | INFO    | __main__:main:14 - Script started with args
25-12-2025 20:53:10 | WARNING | research_utils.viz.overlay:plot_overlay:46 - Dimension mismatch, resizing depth map
25-12-2025 20:53:10 | INFO    | research_utils.viz.overlay:get_save_path:16 - Generating save path
25-12-2025 20:53:10 | INFO    | research_utils.viz.overlay:plot_overlay:67 - Saving figure to /leonardo_work/AIFAC_S02_060/data/yk/code/apps/analysis/plot_lib/depth_overlay/output/1K_0a1b7c20a92c43c6b8954b1ac909fb2f0fa8b2997b80604bc8bbec80a1cb2da3/frame_00001.jpg
25-12-2025 20:53:10 | INFO    | __main__:main:21 - - Export Full path: /leonardo_work/AIFAC_S02_060/data/yk/code/apps/analysis/plot_lib/depth_overlay/output
25-12-2025 20:53:10 | INFO    | __main__:main:22 - - RGB Full path: /leonardo_work/AIFAC_S02_060/data/yk/debug/dl3dv_wai_dummy/1K_0a1b7c20a92c43c6b8954b1ac909fb2f0fa8b2997b80604bc8bbec80a1cb2da3/images/frame_00001.jpg
25-12-2025 20:53:10 | INFO    | __main__:main:23 - Process finished

------------------------------------------------------------
START NEW RUN: 2025-12-25 20:54:49
------------------------------------------------------------

25-12-2025 20:54:49 | INFO    | src.cli:parse_args:25 - Config path: /leonardo_work/AIFAC_S02_060/data/yk/code/apps/analysis/plot_lib/depth_overlay/configs/default.json
25-12-2025 20:54:49 | INFO    | src.cli:parse_args:29 - Default Config path: /leonardo_work/AIFAC_S02_060/data/yk/code/apps/analysis/plot_lib/depth_overlay/configs/default.json
25-12-2025 20:54:49 | INFO    | __main__:main:14 - Script started with args
25-12-2025 20:54:49 | WARNING | research_utils.viz.overlay:plot_overlay:46 - Dimension mismatch, resizing depth map
25-12-2025 20:54:49 | INFO    | research_utils.viz.overlay:get_save_path:16 - Generating save path
25-12-2025 20:54:49 | INFO    | research_utils.viz.overlay:plot_overlay:67 - Saving figure to /leonardo_work/AIFAC_S02_060/data/yk/code/apps/analysis/plot_lib/depth_overlay/output/1K_0a1b7c20a92c43c6b8954b1ac909fb2f0fa8b2997b80604bc8bbec80a1cb2da3/frame_00001.jpg
25-12-2025 20:54:49 | INFO    | __main__:main:21 - - Export Full path: /leonardo_work/AIFAC_S02_060/data/yk/code/apps/analysis/plot_lib/depth_overlay/output
25-12-2025 20:54:49 | INFO    | __main__:main:22 - - RGB Full path: /leonardo_work/AIFAC_S02_060/data/yk/debug/dl3dv_wai_dummy/1K_0a1b7c20a92c43c6b8954b1ac909fb2f0fa8b2997b80604bc8bbec80a1cb2da3/images/frame_00001.jpg
25-12-2025 20:54:49 | INFO    | __main__:main:23 - Process finished

------------------------------------------------------------
START NEW RUN: 2025-12-25 20:55:31
------------------------------------------------------------

25-12-2025 20:55:31 | INFO    | src.cli:parse_args:25 - Config path: /leonardo_work/AIFAC_S02_060/data/yk/code/apps/analysis/plot_lib/depth_overlay/configs/default.json
25-12-2025 20:55:31 | INFO    | src.cli:parse_args:29 - Default Config path: /leonardo_work/AIFAC_S02_060/data/yk/code/apps/analysis/plot_lib/depth_overlay/configs/default.json
25-12-2025 20:55:31 | INFO    | __main__:main:14 - Script started with args
25-12-2025 20:55:31 | WARNING | research_utils.viz.overlay:plot_overlay:46 - Dimension mismatch, resizing depth map
25-12-2025 20:55:31 | INFO    | research_utils.viz.overlay:get_save_path:16 - Generating save path
25-12-2025 20:55:31 | INFO    | research_utils.viz.overlay:plot_overlay:67 - Saving figure to /leonardo_work/AIFAC_S02_060/data/yk/code/apps/analysis/plot_lib/depth_overlay/output/1K_0a1b7c20a92c43c6b8954b1ac909fb2f0fa8b2997b80604bc8bbec80a1cb2da3/frame_00001.jpg
25-12-2025 20:55:31 | INFO    | __main__:main:21 - - Export Full path: /leonardo_work/AIFAC_S02_060/data/yk/code/apps/analysis/plot_lib/depth_overlay/output
25-12-2025 20:55:31 | INFO    | __main__:main:22 - - RGB Full path: /leonardo_work/AIFAC_S02_060/data/yk/debug/dl3dv_wai_dummy/1K_0a1b7c20a92c43c6b8954b1ac909fb2f0fa8b2997b80604bc8bbec80a1cb2da3/images/frame_00001.jpg
25-12-2025 20:55:31 | INFO    | __main__:main:23 - Process finished

------------------------------------------------------------
START NEW RUN: 2025-12-25 20:56:13
------------------------------------------------------------

25-12-2025 20:56:13 | INFO    | src.cli:parse_args:25 - Config path: /leonardo_work/AIFAC_S02_060/data/yk/code/apps/analysis/plot_lib/depth_overlay/configs/default.json
25-12-2025 20:56:13 | INFO    | src.cli:parse_args:29 - Default Config path: /leonardo_work/AIFAC_S02_060/data/yk/code/apps/analysis/plot_lib/depth_overlay/configs/default.json
25-12-2025 20:56:13 | INFO    | __main__:main:14 - Script started with args
25-12-2025 20:56:13 | WARNING | research_utils.viz.overlay:plot_overlay:46 - Dimension mismatch, resizing depth map
25-12-2025 20:56:13 | INFO    | research_utils.viz.overlay:get_save_path:16 - Generating save path
25-12-2025 20:56:13 | INFO    | research_utils.viz.overlay:plot_overlay:67 - Saving figure to /leonardo_work/AIFAC_S02_060/data/yk/code/apps/analysis/plot_lib/depth_overlay/output/1K_0a1b7c20a92c43c6b8954b1ac909fb2f0fa8b2997b80604bc8bbec80a1cb2da3/frame_00001.jpg
25-12-2025 20:56:13 | INFO    | __main__:main:21 - - Export Full path: /leonardo_work/AIFAC_S02_060/data/yk/code/apps/analysis/plot_lib/depth_overlay/output
25-12-2025 20:56:13 | INFO    | __main__:main:22 - - RGB Full path: /leonardo_work/AIFAC_S02_060/data/yk/debug/dl3dv_wai_dummy/1K_0a1b7c20a92c43c6b8954b1ac909fb2f0fa8b2997b80604bc8bbec80a1cb2da3/images/frame_00001.jpg
25-12-2025 20:56:13 | INFO    | __main__:main:23 - Process finished

------------------------------------------------------------
START NEW RUN: 2025-12-25 20:56:38
------------------------------------------------------------

25-12-2025 20:56:38 | INFO    | src.cli:parse_args:25 - Config path: /leonardo_work/AIFAC_S02_060/data/yk/code/apps/analysis/plot_lib/depth_overlay/configs/default.json
25-12-2025 20:56:38 | INFO    | src.cli:parse_args:29 - Default Config path: /leonardo_work/AIFAC_S02_060/data/yk/code/apps/analysis/plot_lib/depth_overlay/configs/default.json
25-12-2025 20:56:38 | INFO    | __main__:main:14 - Script started with args
25-12-2025 20:56:38 | WARNING | research_utils.viz.overlay:plot_overlay:46 - Dimension mismatch, resizing depth map
25-12-2025 20:56:38 | INFO    | research_utils.viz.overlay:get_save_path:16 - Generating save path
25-12-2025 20:56:38 | INFO    | research_utils.viz.overlay:plot_overlay:67 - Saving figure to /leonardo_work/AIFAC_S02_060/data/yk/code/apps/analysis/plot_lib/depth_overlay/output/1K_0a1b7c20a92c43c6b8954b1ac909fb2f0fa8b2997b80604bc8bbec80a1cb2da3/frame_00001.jpg
25-12-2025 20:56:38 | INFO    | __main__:main:21 - - Export Full path: /leonardo_work/AIFAC_S02_060/data/yk/code/apps/analysis/plot_lib/depth_overlay/output
25-12-2025 20:56:38 | INFO    | __main__:main:22 - - RGB Full path: /leonardo_work/AIFAC_S02_060/data/yk/debug/dl3dv_wai_dummy/1K_0a1b7c20a92c43c6b8954b1ac909fb2f0fa8b2997b80604bc8bbec80a1cb2da3/images/frame_00001.jpg
25-12-2025 20:56:38 | INFO    | __main__:main:23 - Process finished

------------------------------------------------------------
START NEW RUN: 2025-12-25 21:04:27
------------------------------------------------------------

25-12-2025 21:04:27 | INFO    | src.cli:parse_args:25 - Config path: /leonardo_work/AIFAC_S02_060/data/yk/code/apps/analysis/plot_lib/depth_overlay/configs/default.json
25-12-2025 21:04:27 | INFO    | src.cli:parse_args:29 - Default Config path: /leonardo_work/AIFAC_S02_060/data/yk/code/apps/analysis/plot_lib/depth_overlay/configs/default.json
25-12-2025 21:04:27 | INFO    | __main__:main:14 - Script started with args
25-12-2025 21:04:28 | WARNING | research_utils.viz.overlay:plot_overlay:46 - Dimension mismatch, resizing depth map
25-12-2025 21:04:28 | INFO    | research_utils.viz.overlay:get_save_path:16 - Generating save path
25-12-2025 21:04:28 | INFO    | research_utils.viz.overlay:plot_overlay:67 - Saving figure to /leonardo_work/AIFAC_S02_060/data/yk/code/apps/analysis/plot_lib/depth_overlay/output/1K_0a1b7c20a92c43c6b8954b1ac909fb2f0fa8b2997b80604bc8bbec80a1cb2da3/frame_00001.jpg
25-12-2025 21:04:28 | INFO    | __main__:main:21 - - Export Full path: /leonardo_work/AIFAC_S02_060/data/yk/code/apps/analysis/plot_lib/depth_overlay/output
25-12-2025 21:04:28 | INFO    | __main__:main:22 - - RGB Full path: /leonardo_work/AIFAC_S02_060/data/yk/debug/dl3dv_wai_dummy/1K_0a1b7c20a92c43c6b8954b1ac909fb2f0fa8b2997b80604bc8bbec80a1cb2da3/images/frame_00001.jpg
25-12-2025 21:04:28 | INFO    | __main__:main:23 - Process finished

------------------------------------------------------------
START NEW RUN: 2025-12-25 21:07:55
------------------------------------------------------------

25-12-2025 21:07:55 | INFO    | src.cli:parse_args:25 - Config path: /leonardo_work/AIFAC_S02_060/data/yk/code/apps/analysis/plot_lib/depth_overlay/configs/default.json
25-12-2025 21:07:55 | INFO    | src.cli:parse_args:29 - Default Config path: /leonardo_work/AIFAC_S02_060/data/yk/code/apps/analysis/plot_lib/depth_overlay/configs/default.json
25-12-2025 21:07:55 | INFO    | __main__:main:14 - Script started with args
25-12-2025 21:07:55 | WARNING | research_utils.viz.overlay:plot_overlay:46 - Dimension mismatch, resizing depth map
25-12-2025 21:07:55 | INFO    | research_utils.viz.overlay:get_save_path:16 - Generating save path
25-12-2025 21:07:55 | INFO    | research_utils.viz.overlay:plot_overlay:67 - Saving figure to /leonardo_work/AIFAC_S02_060/data/yk/code/apps/analysis/plot_lib/depth_overlay/output/1K_0a1b7c20a92c43c6b8954b1ac909fb2f0fa8b2997b80604bc8bbec80a1cb2da3/frame_00001.jpg
25-12-2025 21:07:55 | INFO    | __main__:main:21 - - Export Full path: /leonardo_work/AIFAC_S02_060/data/yk/code/apps/analysis/plot_lib/depth_overlay/output
25-12-2025 21:07:55 | INFO    | __main__:main:22 - - RGB Full path: /leonardo_work/AIFAC_S02_060/data/yk/debug/dl3dv_wai_dummy/1K_0a1b7c20a92c43c6b8954b1ac909fb2f0fa8b2997b80604bc8bbec80a1cb2da3/images/frame_00001.jpg
25-12-2025 21:07:55 | INFO    | __main__:main:23 - Process finished

------------------------------------------------------------
START NEW RUN: 2025-12-25 21:09:09
------------------------------------------------------------


------------------------------------------------------------
START NEW RUN: 2025-12-25 21:09:31
------------------------------------------------------------

25-12-2025 21:09:31 | INFO    | src.cli:parse_args:25 - Config path: /leonardo_work/AIFAC_S02_060/data/yk/code/apps/analysis/plot_lib/depth_overlay/configs/default.json
25-12-2025 21:09:31 | INFO    | src.cli:parse_args:29 - Default Config path: /leonardo_work/AIFAC_S02_060/data/yk/code/apps/analysis/plot_lib/depth_overlay/configs/default.json
25-12-2025 21:09:31 | INFO    | __main__:main:14 - Script started with args
25-12-2025 21:09:31 | WARNING | research_utils.viz.overlay:plot_overlay:46 - Dimension mismatch, resizing depth map
25-12-2025 21:09:31 | INFO    | research_utils.viz.overlay:get_save_path:16 - Generating save path
25-12-2025 21:09:31 | INFO    | research_utils.viz.overlay:plot_overlay:67 - Saving figure to /leonardo_work/AIFAC_S02_060/data/yk/code/apps/analysis/plot_lib/depth_overlay/output/1K_0a1b7c20a92c43c6b8954b1ac909fb2f0fa8b2997b80604bc8bbec80a1cb2da3/frame_00001.jpg
25-12-2025 21:09:31 | INFO    | __main__:main:21 - - Export Full path: /leonardo_work/AIFAC_S02_060/data/yk/code/apps/analysis/plot_lib/depth_overlay/output
25-12-2025 21:09:31 | INFO    | __main__:main:22 - - RGB Full path: /leonardo_work/AIFAC_S02_060/data/yk/debug/dl3dv_wai_dummy/1K_0a1b7c20a92c43c6b8954b1ac909fb2f0fa8b2997b80604bc8bbec80a1cb2da3/images/frame_00001.jpg
25-12-2025 21:09:31 | INFO    | __main__:main:23 - Process finished

------------------------------------------------------------
START NEW RUN: 2025-12-25 21:10:58
------------------------------------------------------------

25-12-2025 21:10:58 | INFO    | src.cli:parse_args:25 - Config path: /leonardo_work/AIFAC_S02_060/data/yk/code/apps/analysis/plot_lib/depth_overlay/configs/default.json
25-12-2025 21:10:58 | INFO    | src.cli:parse_args:29 - Default Config path: /leonardo_work/AIFAC_S02_060/data/yk/code/apps/analysis/plot_lib/depth_overlay/configs/default.json
25-12-2025 21:10:58 | INFO    | __main__:main:14 - Script started with args
25-12-2025 21:10:58 | WARNING | research_utils.viz.overlay:plot_overlay:46 - Dimension mismatch, resizing depth map
25-12-2025 21:10:58 | INFO    | research_utils.viz.overlay:get_save_path:16 - Generating save path
25-12-2025 21:10:58 | INFO    | research_utils.viz.overlay:plot_overlay:67 - Saving figure to /leonardo_work/AIFAC_S02_060/data/yk/code/apps/analysis/plot_lib/depth_overlay/output/1K_0a1b7c20a92c43c6b8954b1ac909fb2f0fa8b2997b80604bc8bbec80a1cb2da3/frame_00001.jpg
25-12-2025 21:10:58 | INFO    | __main__:main:21 - - Export Full path: /leonardo_work/AIFAC_S02_060/data/yk/code/apps/analysis/plot_lib/depth_overlay/output
25-12-2025 21:10:58 | INFO    | __main__:main:22 - - RGB Full path: /leonardo_work/AIFAC_S02_060/data/yk/debug/dl3dv_wai_dummy/1K_0a1b7c20a92c43c6b8954b1ac909fb2f0fa8b2997b80604bc8bbec80a1cb2da3/images/frame_00001.jpg
25-12-2025 21:10:58 | INFO    | __main__:main:23 - Process finished

------------------------------------------------------------
START NEW RUN: 2025-12-25 21:13:45
------------------------------------------------------------

25-12-2025 21:13:45 | INFO    | src.cli:parse_args:25 - Config path: /leonardo_work/AIFAC_S02_060/data/yk/code/apps/analysis/plot_lib/depth_overlay/configs/default.json
25-12-2025 21:13:45 | INFO    | src.cli:parse_args:29 - Default Config path: /leonardo_work/AIFAC_S02_060/data/yk/code/apps/analysis/plot_lib/depth_overlay/configs/default.json
25-12-2025 21:13:45 | INFO    | __main__:main:14 - Script started with args
25-12-2025 21:13:45 | WARNING | research_utils.viz.overlay:plot_overlay:46 - Dimension mismatch, resizing depth map
25-12-2025 21:13:45 | INFO    | research_utils.viz.overlay:get_save_path:16 - Generating save path
25-12-2025 21:13:45 | INFO    | research_utils.viz.overlay:plot_overlay:67 - Saving figure to /leonardo_work/AIFAC_S02_060/data/yk/code/apps/analysis/plot_lib/depth_overlay/output/1K_0a1b7c20a92c43c6b8954b1ac909fb2f0fa8b2997b80604bc8bbec80a1cb2da3/frame_00001.jpg
25-12-2025 21:13:46 | INFO    | __main__:main:21 - - Export Full path: /leonardo_work/AIFAC_S02_060/data/yk/code/apps/analysis/plot_lib/depth_overlay/output
25-12-2025 21:13:46 | INFO    | __main__:main:22 - - RGB Full path: /leonardo_work/AIFAC_S02_060/data/yk/debug/dl3dv_wai_dummy/1K_0a1b7c20a92c43c6b8954b1ac909fb2f0fa8b2997b80604bc8bbec80a1cb2da3/images/frame_00001.jpg
25-12-2025 21:13:46 | INFO    | __main__:main:23 - Process finished

------------------------------------------------------------
START NEW RUN: 2025-12-25 21:18:41
------------------------------------------------------------

25-12-2025 21:18:41 | INFO    | src.cli:parse_args:25 - Config path: /leonardo_work/AIFAC_S02_060/data/yk/code/apps/analysis/plot_lib/depth_overlay/configs/default.json
25-12-2025 21:18:41 | INFO    | src.cli:parse_args:29 - Default Config path: /leonardo_work/AIFAC_S02_060/data/yk/code/apps/analysis/plot_lib/depth_overlay/configs/default.json

------------------------------------------------------------
START NEW RUN: 2025-12-25 21:19:09
------------------------------------------------------------

25-12-2025 21:19:09 | INFO    | src.cli:parse_args:25 - Config path: /leonardo_work/AIFAC_S02_060/data/yk/code/apps/analysis/plot_lib/depth_overlay/configs/default.json
25-12-2025 21:19:09 | INFO    | src.cli:parse_args:29 - Default Config path: /leonardo_work/AIFAC_S02_060/data/yk/code/apps/analysis/plot_lib/depth_overlay/configs/default.json
25-12-2025 21:19:09 | INFO    | src.cli:runloger:55 - Application started
25-12-2025 21:19:09 | WARNING | src.cli:runloger:56 - Something suspicious
25-12-2025 21:19:09 | ERROR   | src.cli:runloger:57 - Failed to connect
NoneType: None
25-12-2025 21:19:09 | INFO    | __main__:main:14 - Script started with args
25-12-2025 21:19:09 | WARNING | research_utils.viz.overlay:plot_overlay:46 - Dimension mismatch, resizing depth map
25-12-2025 21:19:10 | INFO    | research_utils.viz.overlay:get_save_path:16 - Generating save path
25-12-2025 21:19:10 | INFO    | research_utils.viz.overlay:plot_overlay:67 - Saving figure to /leonardo_work/AIFAC_S02_060/data/yk/code/apps/analysis/plot_lib/depth_overlay/output/1K_0a1b7c20a92c43c6b8954b1ac909fb2f0fa8b2997b80604bc8bbec80a1cb2da3/frame_00001.jpg
25-12-2025 21:19:10 | INFO    | __main__:main:21 - - Export Full path: /leonardo_work/AIFAC_S02_060/data/yk/code/apps/analysis/plot_lib/depth_overlay/output
25-12-2025 21:19:10 | INFO    | __main__:main:22 - - RGB Full path: /leonardo_work/AIFAC_S02_060/data/yk/debug/dl3dv_wai_dummy/1K_0a1b7c20a92c43c6b8954b1ac909fb2f0fa8b2997b80604bc8bbec80a1cb2da3/images/frame_00001.jpg
25-12-2025 21:19:10 | INFO    | __main__:main:23 - Process finished

------------------------------------------------------------
START NEW RUN: 2025-12-25 21:19:35
------------------------------------------------------------

25-12-2025 21:19:35 | INFO    | src.cli:parse_args:25 - Config path: /leonardo_work/AIFAC_S02_060/data/yk/code/apps/analysis/plot_lib/depth_overlay/configs/default.json
25-12-2025 21:19:35 | INFO    | src.cli:parse_args:29 - Default Config path: /leonardo_work/AIFAC_S02_060/data/yk/code/apps/analysis/plot_lib/depth_overlay/configs/default.json
25-12-2025 21:19:35 | INFO    | src.cli:runloger:55 - Application started
25-12-2025 21:19:35 | WARNING | src.cli:runloger:56 - Something suspicious
25-12-2025 21:19:35 | ERROR   | src.cli:runloger:57 - Failed to connect
NoneType: None

------------------------------------------------------------
START NEW RUN: 2025-12-25 21:22:27
------------------------------------------------------------

25-12-2025 21:22:27 | INFO    | src.cli:parse_args:25 - Config path: /leonardo_work/AIFAC_S02_060/data/yk/code/apps/analysis/plot_lib/depth_overlay/configs/default.json
25-12-2025 21:22:27 | INFO    | src.cli:parse_args:29 - Default Config path: /leonardo_work/AIFAC_S02_060/data/yk/code/apps/analysis/plot_lib/depth_overlay/configs/default.json
25-12-2025 21:22:27 | INFO    | src.cli:runloger:55 - Application started
25-12-2025 21:22:27 | WARNING | src.cli:runloger:56 - Something suspicious
25-12-2025 21:22:27 | ERROR   | src.cli:runloger:57 - Failed to connect
NoneType: None

------------------------------------------------------------
START NEW RUN: 2025-12-25 21:26:20
------------------------------------------------------------

25-12-2025 21:26:20 | INFO    | src.cli:parse_args:25 - Config path: /leonardo_work/AIFAC_S02_060/data/yk/code/apps/analysis/plot_lib/depth_overlay/configs/default.json
25-12-2025 21:26:20 | INFO    | src.cli:parse_args:29 - Default Config path: /leonardo_work/AIFAC_S02_060/data/yk/code/apps/analysis/plot_lib/depth_overlay/configs/default.json
25-12-2025 21:26:20 | INFO    | src.cli:runloger:55 - Application started
25-12-2025 21:26:20 | WARNING | src.cli:runloger:56 - Something suspicious
25-12-2025 21:26:20 | ERROR   | src.cli:runloger:57 - Failed to connect
NoneType: None

------------------------------------------------------------
START NEW RUN: 2025-12-25 21:28:03
------------------------------------------------------------

25-12-2025 21:28:03 | INFO    | src.cli:parse_args:25 - Config path: /leonardo_work/AIFAC_S02_060/data/yk/code/apps/analysis/plot_lib/depth_overlay/configs/default.json
25-12-2025 21:28:03 | INFO    | src.cli:parse_args:29 - Default Config path: /leonardo_work/AIFAC_S02_060/data/yk/code/apps/analysis/plot_lib/depth_overlay/configs/default.json
25-12-2025 21:28:03 | INFO    | src.cli:runloger:55 - Application started
25-12-2025 21:28:03 | WARNING | src.cli:runloger:56 - Something suspicious
25-12-2025 21:28:03 | ERROR   | src.cli:runloger:57 - Failed to connect
NoneType: None

------------------------------------------------------------
START NEW RUN: 2025-12-25 21:28:39
------------------------------------------------------------

25-12-2025 21:28:39 | INFO    | src.cli:parse_args:25 - Config path: /leonardo_work/AIFAC_S02_060/data/yk/code/apps/analysis/plot_lib/depth_overlay/configs/default.json
25-12-2025 21:28:39 | INFO    | src.cli:parse_args:29 - Default Config path: /leonardo_work/AIFAC_S02_060/data/yk/code/apps/analysis/plot_lib/depth_overlay/configs/default.json
25-12-2025 21:28:39 | INFO    | src.cli:runloger:55 - Application started
25-12-2025 21:28:39 | WARNING | src.cli:runloger:56 - Something suspicious
25-12-2025 21:28:39 | ERROR   | src.cli:runloger:57 - Failed to connect
NoneType: None

------------------------------------------------------------
START NEW RUN: 2025-12-25 21:29:57
------------------------------------------------------------

25-12-2025 21:29:57 | INFO    | src.cli:parse_args:25 - Config path: /leonardo_work/AIFAC_S02_060/data/yk/code/apps/analysis/plot_lib/depth_overlay/configs/default.json
25-12-2025 21:29:57 | INFO    | src.cli:parse_args:29 - Default Config path: /leonardo_work/AIFAC_S02_060/data/yk/code/apps/analysis/plot_lib/depth_overlay/configs/default.json
25-12-2025 21:29:57 | INFO    | src.cli:runloger:55 - Application started
25-12-2025 21:29:57 | WARNING | src.cli:runloger:56 - Something suspicious
25-12-2025 21:29:57 | ERROR   | src.cli:runloger:57 - Failed to connect
NoneType: None

------------------------------------------------------------
START NEW RUN: 2025-12-25 21:32:14
------------------------------------------------------------

25-12-2025 21:32:14 | INFO    | src.cli:parse_args:25 - Config path: /leonardo_work/AIFAC_S02_060/data/yk/code/apps/analysis/plot_lib/depth_overlay/configs/default.json
25-12-2025 21:32:14 | INFO    | src.cli:parse_args:29 - Default Config path: /leonardo_work/AIFAC_S02_060/data/yk/code/apps/analysis/plot_lib/depth_overlay/configs/default.json
25-12-2025 21:32:14 | DEBUG   | src.cli:parse_args:43 - Log path from config: logs/depth_overlay.log
25-12-2025 21:32:14 | DEBUG   | src.cli:parse_args:44 - Absolute log path: /leonardo_work/AIFAC_S02_060/data/yk/code/apps/analysis/plot_lib/depth_overlay/logs/depth_overlay.log
25-12-2025 21:32:14 | DEBUG   | src.cli:runloger:54 - Debug message
25-12-2025 21:32:14 | INFO    | src.cli:runloger:55 - Application started
25-12-2025 21:32:14 | WARNING | src.cli:runloger:56 - Something suspicious
25-12-2025 21:32:14 | ERROR   | src.cli:runloger:57 - Failed to connect
NoneType: None

------------------------------------------------------------
START NEW RUN: 2025-12-25 21:32:39
------------------------------------------------------------

25-12-2025 21:32:39 | INFO    | src.cli:parse_args:25 - Config path: /leonardo_work/AIFAC_S02_060/data/yk/code/apps/analysis/plot_lib/depth_overlay/configs/default.json
25-12-2025 21:32:39 | INFO    | src.cli:parse_args:29 - Default Config path: /leonardo_work/AIFAC_S02_060/data/yk/code/apps/analysis/plot_lib/depth_overlay/configs/default.json
25-12-2025 21:32:39 | INFO    | src.cli:runloger:55 - Application started
25-12-2025 21:32:39 | WARNING | src.cli:runloger:56 - Something suspicious
25-12-2025 21:32:39 | ERROR   | src.cli:runloger:57 - Failed to connect
NoneType: None

------------------------------------------------------------
START NEW RUN: 2025-12-25 21:33:35
------------------------------------------------------------


------------------------------------------------------------
START NEW RUN: 2025-12-25 21:35:10
------------------------------------------------------------

25-12-2025 21:35:10 | INFO    | src.cli:parse_args:25 - Config path: /leonardo_work/AIFAC_S02_060/data/yk/code/apps/analysis/plot_lib/depth_overlay/configs/default.json
25-12-2025 21:35:10 | INFO    | src.cli:parse_args:29 - Default Config path: /leonardo_work/AIFAC_S02_060/data/yk/code/apps/analysis/plot_lib/depth_overlay/configs/default.json
25-12-2025 21:35:10 | INFO    | src.cli:runloger:54 - Application started
25-12-2025 21:35:10 | WARNING | src.cli:runloger:55 - Something suspicious
25-12-2025 21:35:10 | ERROR   | src.cli:runloger:56 - Failed to connect
NoneType: None

------------------------------------------------------------
START NEW RUN: 2025-12-25 21:35:39
------------------------------------------------------------

25-12-2025 21:35:39 | INFO    | src.cli:parse_args:25 - Config path: /leonardo_work/AIFAC_S02_060/data/yk/code/apps/analysis/plot_lib/depth_overlay/configs/default.json
25-12-2025 21:35:39 | INFO    | src.cli:parse_args:29 - Default Config path: /leonardo_work/AIFAC_S02_060/data/yk/code/apps/analysis/plot_lib/depth_overlay/configs/default.json
25-12-2025 21:35:39 | INFO    | src.cli:runloger:52 - Application started
25-12-2025 21:35:39 | WARNING | src.cli:runloger:53 - Something suspicious
25-12-2025 21:35:39 | ERROR   | src.cli:runloger:54 - Failed to connect
NoneType: None

------------------------------------------------------------
START NEW RUN: 2025-12-25 21:36:01
------------------------------------------------------------

25-12-2025 21:36:01 | INFO    | src.cli:parse_args:25 - Config path: /leonardo_work/AIFAC_S02_060/data/yk/code/apps/analysis/plot_lib/depth_overlay/configs/default.json
25-12-2025 21:36:01 | INFO    | src.cli:parse_args:29 - Default Config path: /leonardo_work/AIFAC_S02_060/data/yk/code/apps/analysis/plot_lib/depth_overlay/configs/default.json
25-12-2025 21:36:01 | INFO    | src.cli:runloger:52 - Application started
25-12-2025 21:36:01 | WARNING | src.cli:runloger:53 - Something suspicious
25-12-2025 21:36:01 | ERROR   | src.cli:runloger:54 - Failed to connect
NoneType: None

------------------------------------------------------------
START NEW RUN: 2025-12-25 21:44:29
------------------------------------------------------------

25-12-2025 21:44:29 | INFO    | src.cli:parse_args:25 - Config path: /leonardo_work/AIFAC_S02_060/data/yk/code/apps/analysis/plot_lib/depth_overlay/configs/default.json
25-12-2025 21:44:29 | INFO    | src.cli:parse_args:29 - Default Config path: /leonardo_work/AIFAC_S02_060/data/yk/code/apps/analysis/plot_lib/depth_overlay/configs/default.json
25-12-2025 21:44:29 | INFO    | src.cli:runloger:52 - Application started
25-12-2025 21:44:29 | WARNING | src.cli:runloger:53 - Something suspicious
25-12-2025 21:44:29 | ERROR   | src.cli:runloger:54 - Failed to connect
NoneType: None

------------------------------------------------------------
START NEW RUN: 2025-12-25 21:46:54
------------------------------------------------------------

25-12-2025 21:46:54 | INFO    | src.cli:parse_args:25 - Config path: /leonardo_work/AIFAC_S02_060/data/yk/code/apps/analysis/plot_lib/depth_overlay/configs/default.json
25-12-2025 21:46:54 | INFO    | src.cli:parse_args:29 - Default Config path: /leonardo_work/AIFAC_S02_060/data/yk/code/apps/analysis/plot_lib/depth_overlay/configs/default.json
25-12-2025 21:46:54 | INFO    | src.cli:runloger:52 - Application started
25-12-2025 21:46:54 | WARNING | src.cli:runloger:53 - Something suspicious
25-12-2025 21:46:54 | ERROR   | src.cli:runloger:54 - Failed to connect
NoneType: None

------------------------------------------------------------
START NEW RUN: 2025-12-25 21:47:23
------------------------------------------------------------

25-12-2025 21:47:23 | INFO    | src.cli:parse_args:25 - Config path: /leonardo_work/AIFAC_S02_060/data/yk/code/apps/analysis/plot_lib/depth_overlay/configs/default.json
25-12-2025 21:47:23 | INFO    | src.cli:parse_args:29 - Default Config path: /leonardo_work/AIFAC_S02_060/data/yk/code/apps/analysis/plot_lib/depth_overlay/configs/default.json
25-12-2025 21:47:23 | INFO    | src.cli:runloger:52 - Application started
25-12-2025 21:47:23 | WARNING | src.cli:runloger:53 - Something suspicious
25-12-2025 21:47:23 | ERROR   | src.cli:runloger:54 - Failed to connect
NoneType: None

------------------------------------------------------------
START NEW RUN: 2025-12-25 21:50:15
------------------------------------------------------------

25-12-2025 21:50:15 | INFO    | src.cli:parse_args:25 - Config path: /leonardo_work/AIFAC_S02_060/data/yk/code/apps/analysis/plot_lib/depth_overlay/configs/default.json
25-12-2025 21:50:15 | INFO    | src.cli:parse_args:29 - Default Config path: /leonardo_work/AIFAC_S02_060/data/yk/code/apps/analysis/plot_lib/depth_overlay/configs/default.json
25-12-2025 21:50:15 | INFO    | src.cli:runloger:52 - Application started
25-12-2025 21:50:15 | WARNING | src.cli:runloger:53 - Something suspicious
25-12-2025 21:50:15 | ERROR   | src.cli:runloger:54 - Failed to connect
NoneType: None

------------------------------------------------------------
START NEW RUN: 2025-12-25 21:51:07
------------------------------------------------------------

25-12-2025 21:51:07 | INFO    | src.cli:parse_args:25 - Config path: /leonardo_work/AIFAC_S02_060/data/yk/code/apps/analysis/plot_lib/depth_overlay/configs/default.json
25-12-2025 21:51:07 | INFO    | src.cli:parse_args:29 - Default Config path: /leonardo_work/AIFAC_S02_060/data/yk/code/apps/analysis/plot_lib/depth_overlay/configs/default.json
25-12-2025 21:51:07 | INFO    | src.cli:runloger:52 - Application started
25-12-2025 21:51:07 | WARNING | src.cli:runloger:53 - Something suspicious
25-12-2025 21:51:07 | ERROR   | src.cli:runloger:54 - Failed to connect
NoneType: None

------------------------------------------------------------
START NEW RUN: 2025-12-25 21:51:38
------------------------------------------------------------

25-12-2025 21:51:38 | INFO    | src.cli:parse_args:25 - Config path: /leonardo_work/AIFAC_S02_060/data/yk/code/apps/analysis/plot_lib/depth_overlay/configs/default.json
25-12-2025 21:51:38 | INFO    | src.cli:parse_args:29 - Default Config path: /leonardo_work/AIFAC_S02_060/data/yk/code/apps/analysis/plot_lib/depth_overlay/configs/default.json
25-12-2025 21:51:38 | INFO    | src.cli:runloger:52 - Application started
25-12-2025 21:51:38 | WARNING | src.cli:runloger:53 - Something suspicious
25-12-2025 21:51:38 | ERROR   | src.cli:runloger:54 - Failed to connect
NoneType: None

------------------------------------------------------------
START NEW RUN: 2025-12-25 21:52:50
------------------------------------------------------------

25-12-2025 21:52:50 | INFO    | src.cli:parse_args:25 - Config path: /leonardo_work/AIFAC_S02_060/data/yk/code/apps/analysis/plot_lib/depth_overlay/configs/default.json
25-12-2025 21:52:50 | INFO    | src.cli:parse_args:29 - Default Config path: /leonardo_work/AIFAC_S02_060/data/yk/code/apps/analysis/plot_lib/depth_overlay/configs/default.json
25-12-2025 21:52:50 | INFO    | src.cli:runloger:52 - Application started
25-12-2025 21:52:50 | WARNING | src.cli:runloger:53 - Something suspicious
25-12-2025 21:52:50 | ERROR   | src.cli:runloger:54 - Failed to connect
NoneType: None

------------------------------------------------------------
START NEW RUN: 2025-12-25 21:53:20
------------------------------------------------------------

25-12-2025 21:53:20 | INFO    | src.cli:parse_args:25 - Config path: /leonardo_work/AIFAC_S02_060/data/yk/code/apps/analysis/plot_lib/depth_overlay/configs/default.json
25-12-2025 21:53:20 | INFO    | src.cli:parse_args:29 - Default Config path: /leonardo_work/AIFAC_S02_060/data/yk/code/apps/analysis/plot_lib/depth_overlay/configs/default.json
25-12-2025 21:53:20 | INFO    | src.cli:runloger:52 - Application started
25-12-2025 21:53:20 | WARNING | src.cli:runloger:53 - Something suspicious
25-12-2025 21:53:20 | ERROR   | src.cli:runloger:54 - Failed to connect
NoneType: None

------------------------------------------------------------
START NEW RUN: 2025-12-25 21:57:19
------------------------------------------------------------

25-12-2025 21:57:19 | INFO    | src.cli:parse_args:25 - Config path: /leonardo_work/AIFAC_S02_060/data/yk/code/apps/analysis/plot_lib/depth_overlay/configs/default.json
25-12-2025 21:57:19 | INFO    | src.cli:parse_args:29 - Default Config path: /leonardo_work/AIFAC_S02_060/data/yk/code/apps/analysis/plot_lib/depth_overlay/configs/default.json
25-12-2025 21:57:19 | INFO    | src.cli:runloger:52 - Application started
25-12-2025 21:57:19 | WARNING | src.cli:runloger:53 - Something suspicious
25-12-2025 21:57:19 | ERROR   | src.cli:runloger:54 - Failed to connect
NoneType: None

------------------------------------------------------------
START NEW RUN: 2025-12-25 21:58:59
------------------------------------------------------------

25-12-2025 21:58:59 | INFO    | src.cli:parse_args:25 - Config path: /leonardo_work/AIFAC_S02_060/data/yk/code/apps/analysis/plot_lib/depth_overlay/configs/default.json
25-12-2025 21:58:59 | INFO    | src.cli:parse_args:29 - Default Config path: /leonardo_work/AIFAC_S02_060/data/yk/code/apps/analysis/plot_lib/depth_overlay/configs/default.json
25-12-2025 21:58:59 | INFO    | src.cli:runloger:52 - Application started
25-12-2025 21:58:59 | WARNING | src.cli:runloger:53 - Something suspicious
25-12-2025 21:58:59 | ERROR   | src.cli:runloger:54 - Failed to connect
NoneType: None

------------------------------------------------------------
START NEW RUN: 2025-12-25 22:03:09
------------------------------------------------------------

25-12-2025 22:03:09 | INFO    | src.cli:parse_args:25 - Config path: /leonardo_work/AIFAC_S02_060/data/yk/code/apps/analysis/plot_lib/depth_overlay/configs/default.json
25-12-2025 22:03:09 | INFO    | src.cli:parse_args:29 - Default Config path: /leonardo_work/AIFAC_S02_060/data/yk/code/apps/analysis/plot_lib/depth_overlay/configs/default.json
25-12-2025 22:03:09 | INFO    | src.cli:runloger:52 - Application started
25-12-2025 22:03:09 | WARNING | src.cli:runloger:53 - Something suspicious
25-12-2025 22:03:09 | ERROR   | src.cli:runloger:54 - Failed to connect
NoneType: None

------------------------------------------------------------
START NEW RUN: 2025-12-25 22:09:17
------------------------------------------------------------

25-12-2025 22:09:17 | INFO    | src.cli:parse_args:25 - Config path: /leonardo_work/AIFAC_S02_060/data/yk/code/apps/analysis/plot_lib/depth_overlay/configs/default.json
25-12-2025 22:09:17 | INFO    | src.cli:parse_args:29 - Default Config path: /leonardo_work/AIFAC_S02_060/data/yk/code/apps/analysis/plot_lib/depth_overlay/configs/default.json
25-12-2025 22:09:17 | INFO    | src.cli:runloger:52 - Application started
25-12-2025 22:09:17 | WARNING | src.cli:runloger:53 - Something suspicious
25-12-2025 22:09:17 | ERROR   | src.cli:runloger:54 - Failed to connect
NoneType: None

------------------------------------------------------------
START NEW RUN: 2025-12-25 22:09:49
------------------------------------------------------------

25-12-2025 22:09:49 | INFO    | src.cli:parse_args:25 - Config path: /leonardo_work/AIFAC_S02_060/data/yk/code/apps/analysis/plot_lib/depth_overlay/configs/default.json
25-12-2025 22:09:49 | INFO    | src.cli:parse_args:29 - Default Config path: /leonardo_work/AIFAC_S02_060/data/yk/code/apps/analysis/plot_lib/depth_overlay/configs/default.json
25-12-2025 22:09:49 | INFO    | src.cli:runloger:52 - Application started
25-12-2025 22:09:49 | WARNING | src.cli:runloger:53 - Something suspicious
25-12-2025 22:09:49 | ERROR   | src.cli:runloger:54 - Failed to connect
NoneType: None
25-12-2025 22:09:49 | INFO    | src.cli:runloger:56 - Loading model from: ./models/best.pth
25-12-2025 22:09:49 | INFO    | src.cli:runloger:59 - Loading model from:
25-12-2025 22:09:49 | INFO    | src.cli:runloger:62 - Processing file:

------------------------------------------------------------
START NEW RUN: 2025-12-25 22:19:24
------------------------------------------------------------


------------------------------------------------------------
START NEW RUN: 2025-12-25 22:19:43
------------------------------------------------------------

25-12-2025 22:19:43 | INFO    | src.cli:parse_args:25 - Config path: /leonardo_work/AIFAC_S02_060/data/yk/code/apps/analysis/plot_lib/depth_overlay/configs/default.json
25-12-2025 22:19:43 | INFO    | src.cli:parse_args:29 - Default Config path: /leonardo_work/AIFAC_S02_060/data/yk/code/apps/analysis/plot_lib/depth_overlay/configs/default.json
25-12-2025 22:19:43 | INFO    | src.cli:runloger:52 - Application started
25-12-2025 22:19:43 | WARNING | src.cli:runloger:53 - Something suspicious
25-12-2025 22:19:43 | ERROR   | src.cli:runloger:54 - Failed to connect
NoneType: None
25-12-2025 22:19:43 | INFO    | src.cli:runloger:56 - Loading model from: ./models/best.pth
25-12-2025 22:19:43 | INFO    | src.cli:runloger:59 - Loading model from:
25-12-2025 22:19:43 | INFO    | src.cli:runloger:62 - Processing file:

------------------------------------------------------------
START NEW RUN: 2025-12-25 22:20:42
------------------------------------------------------------

25-12-2025 22:20:42 | INFO    | src.cli:parse_args:25 - Config path: /leonardo_work/AIFAC_S02_060/data/yk/code/apps/analysis/plot_lib/depth_overlay/configs/default.json
25-12-2025 22:20:42 | INFO    | src.cli:parse_args:29 - Default Config path: /leonardo_work/AIFAC_S02_060/data/yk/code/apps/analysis/plot_lib/depth_overlay/configs/default.json
25-12-2025 22:20:42 | INFO    | src.cli:runloger:52 - Application started
25-12-2025 22:20:42 | WARNING | src.cli:runloger:53 - Something suspicious
25-12-2025 22:20:42 | ERROR   | src.cli:runloger:54 - Failed to connect
NoneType: None
25-12-2025 22:20:42 | INFO    | src.cli:runloger:56 - Loading model from: ./models/best.pth
25-12-2025 22:20:42 | INFO    | src.cli:runloger:59 - Loading model from:
25-12-2025 22:20:42 | INFO    | src.cli:runloger:62 - Processing file:

------------------------------------------------------------
START NEW RUN: 2025-12-25 22:21:02
------------------------------------------------------------

25-12-2025 22:21:02 | INFO    | src.cli:parse_args:25 - Config path: /leonardo_work/AIFAC_S02_060/data/yk/code/apps/analysis/plot_lib/depth_overlay/configs/default.json
25-12-2025 22:21:02 | INFO    | src.cli:parse_args:29 - Default Config path: /leonardo_work/AIFAC_S02_060/data/yk/code/apps/analysis/plot_lib/depth_overlay/configs/default.json
25-12-2025 22:21:02 | INFO    | src.cli:runloger:52 - Application started
25-12-2025 22:21:02 | WARNING | src.cli:runloger:53 - Something suspicious
25-12-2025 22:21:02 | ERROR   | src.cli:runloger:54 - Failed to connect
NoneType: None
25-12-2025 22:21:02 | INFO    | src.cli:runloger:56 - Loading model from: ./models/best.pth
25-12-2025 22:21:02 | INFO    | src.cli:runloger:59 - Loading model from:
25-12-2025 22:21:02 | INFO    | src.cli:runloger:62 - Processing file:

------------------------------------------------------------
START NEW RUN: 2025-12-25 22:26:57
------------------------------------------------------------

25-12-2025 22:26:57 | INFO    | src.cli:parse_args:25 - Config path: /leonardo_work/AIFAC_S02_060/data/yk/code/apps/analysis/plot_lib/depth_overlay/configs/default.json
25-12-2025 22:26:57 | INFO    | src.cli:parse_args:29 - Default Config path: /leonardo_work/AIFAC_S02_060/data/yk/code/apps/analysis/plot_lib/depth_overlay/configs/default.json
25-12-2025 22:26:57 | INFO    | src.cli:runloger:52 - Application started
25-12-2025 22:26:57 | WARNING | src.cli:runloger:53 - Something suspicious
25-12-2025 22:26:57 | ERROR   | src.cli:runloger:54 - Failed to connect
NoneType: None
25-12-2025 22:26:57 | INFO    | src.cli:runloger:56 - Loading model from: ./models/best.pth
25-12-2025 22:26:57 | INFO    | src.cli:runloger:59 - Loading model from:
25-12-2025 22:26:57 | INFO    | src.cli:runloger:62 - Processing file:

------------------------------------------------------------
START NEW RUN: 2025-12-25 22:29:01
------------------------------------------------------------

25-12-2025 22:29:01 | INFO    | src.cli:parse_args:25 - Config path: /leonardo_work/AIFAC_S02_060/data/yk/code/apps/analysis/plot_lib/depth_overlay/configs/default.json
25-12-2025 22:29:01 | INFO    | src.cli:parse_args:29 - Default Config path: /leonardo_work/AIFAC_S02_060/data/yk/code/apps/analysis/plot_lib/depth_overlay/configs/default.json
25-12-2025 22:29:01 | INFO    | src.cli:runloger:52 - Application started
25-12-2025 22:29:01 | WARNING | src.cli:runloger:53 - Something suspicious
25-12-2025 22:29:01 | ERROR   | src.cli:runloger:54 - Failed to connect
NoneType: None
25-12-2025 22:29:01 | INFO    | src.cli:runloger:56 - Loading model from: ./models/best.pth
25-12-2025 22:29:01 | INFO    | src.cli:runloger:59 - Loading model from:
25-12-2025 22:29:01 | INFO    | src.cli:runloger:62 - Processing file:

------------------------------------------------------------
START NEW RUN: 2025-12-25 22:30:18
------------------------------------------------------------

25-12-2025 22:30:18 | INFO    | src.cli:parse_args:25 - Config path: /leonardo_work/AIFAC_S02_060/data/yk/code/apps/analysis/plot_lib/depth_overlay/configs/default.json
25-12-2025 22:30:18 | INFO    | src.cli:parse_args:29 - Default Config path: /leonardo_work/AIFAC_S02_060/data/yk/code/apps/analysis/plot_lib/depth_overlay/configs/default.json
25-12-2025 22:30:18 | INFO    | src.cli:runloger:52 - Application started
25-12-2025 22:30:18 | WARNING | src.cli:runloger:53 - Something suspicious
25-12-2025 22:30:18 | ERROR   | src.cli:runloger:54 - Failed to connect
NoneType: None
25-12-2025 22:30:18 | INFO    | src.cli:runloger:56 - Loading model from: ./models/best.pth
25-12-2025 22:30:18 | INFO    | src.cli:runloger:59 - Loading model from:
25-12-2025 22:30:18 | INFO    | src.cli:runloger:62 - Processing file:

------------------------------------------------------------
START NEW RUN: 2025-12-25 22:35:16
------------------------------------------------------------

25-12-2025 22:35:16 | INFO    | src.cli:parse_args()::25 - Config path: /leonardo_work/AIFAC_S02_060/data/yk/code/apps/analysis/plot_lib/depth_overlay/configs/default.json
25-12-2025 22:35:16 | INFO    | src.cli:parse_args()::29 - Default Config path: /leonardo_work/AIFAC_S02_060/data/yk/code/apps/analysis/plot_lib/depth_overlay/configs/default.json
25-12-2025 22:35:16 | INFO    | src.cli:runloger()::52 - Application started
25-12-2025 22:35:16 | WARNING | src.cli:runloger()::53 - Something suspicious
25-12-2025 22:35:16 | ERROR   | src.cli:runloger()::54 - Failed to connect
NoneType: None
25-12-2025 22:35:16 | INFO    | src.cli:runloger()::56 - Loading model from: ./models/best.pth
25-12-2025 22:35:16 | INFO    | src.cli:runloger()::59 - Loading model from:
25-12-2025 22:35:16 | INFO    | src.cli:runloger()::62 - Processing file:

------------------------------------------------------------
START NEW RUN: 2025-12-26 12:46:10
------------------------------------------------------------

26-12-2025 12:46:10 | INFO    | src.cli:parse_args:25 - Config path: /leonardo_work/AIFAC_S02_060/data/yk/code/apps/analysis/plot_lib/depth_overlay/configs/default.json
26-12-2025 12:46:10 | INFO    | src.cli:parse_args:29 - Default Config path: /leonardo_work/AIFAC_S02_060/data/yk/code/apps/analysis/plot_lib/depth_overlay/configs/default.json
26-12-2025 12:46:10 | INFO    | src.cli:runloger:52 - Application started
26-12-2025 12:46:10 | WARNING | src.cli:runloger:53 - Something suspicious
26-12-2025 12:46:10 | ERROR   | src.cli:runloger:54 - Failed to connect
NoneType: None
26-12-2025 12:46:10 | INFO    | src.cli:runloger:56 - Loading model from: ./models/best.pth
26-12-2025 12:46:10 | INFO    | src.cli:runloger:59 - Loading model from:
26-12-2025 12:46:10 | INFO    | src.cli:runloger:62 - Processing file:

------------------------------------------------------------
START NEW RUN: 2025-12-26 12:54:31
------------------------------------------------------------

[38;2;200;200;200m12:54:31[0m | [32;20mINFO [0m | [38;2;200;200;200m[parse_args()[0m[38;2;160;160;160m @ [0m[38;2;200;200;200mcli.py[0m[38;2;160;160;160m:[0m[38;2;200;200;200m25][0m Config path: /leonardo_work/AIFAC_S02_060/data/yk/code/apps/analysis/plot_lib/depth_overlay/configs/default.json
[38;2;200;200;200m12:54:31[0m | [32;20mINFO [0m | [38;2;200;200;200m[parse_args()[0m[38;2;160;160;160m @ [0m[38;2;200;200;200mcli.py[0m[38;2;160;160;160m:[0m[38;2;200;200;200m29][0m Default Config path: /leonardo_work/AIFAC_S02_060/data/yk/code/apps/analysis/plot_lib/depth_overlay/configs/default.json
[38;2;200;200;200m12:54:31[0m | [32;20mINFO [0m | [38;2;200;200;200m[runloger()[0m[38;2;160;160;160m @ [0m[38;2;200;200;200mcli.py[0m[38;2;160;160;160m:[0m[38;2;200;200;200m52][0m Application started
[38;2;200;200;200m12:54:31[0m | [33;20mWARNING[0m | [38;2;200;200;200m[runloger()[0m[38;2;160;160;160m @ [0m[38;2;200;200;200mcli.py[0m[38;2;160;160;160m:[0m[38;2;200;200;200m53][0m Something suspicious
[38;2;200;200;200m12:54:31[0m | [38;2;255;80;80mERROR[0m | [38;2;200;200;200m[runloger()[0m[38;2;160;160;160m @ [0m[38;2;200;200;200mcli.py[0m[38;2;160;160;160m:[0m[38;2;200;200;200m54][0m Failed to connect
[38;2;255;100;100mNoneType: None[0m
[38;2;200;200;200m12:54:31[0m | [32;20mINFO [0m | [38;2;200;200;200m[runloger()[0m[38;2;160;160;160m @ [0m[38;2;200;200;200mcli.py[0m[38;2;160;160;160m:[0m[38;2;200;200;200m56][0m Loading model from: ./models/best.pth
[38;2;200;200;200m12:54:31[0m | [32;20mINFO [0m | [38;2;200;200;200m[runloger()[0m[38;2;160;160;160m @ [0m[38;2;200;200;200mcli.py[0m[38;2;160;160;160m:[0m[38;2;200;200;200m59][0m Loading model from: [38;2;120;200;255m./models/best.pth[0m
[38;2;200;200;200m12:54:31[0m | [32;20mINFO [0m | [38;2;200;200;200m[runloger()[0m[38;2;160;160;160m @ [0m[38;2;200;200;200mcli.py[0m[38;2;160;160;160m:[0m[38;2;200;200;200m62][0m Processing file: [38;2;120;200;255m/data/train.csv[0m [38;2;140;140;140m>> {'request_id': 'abc123'}[0m

------------------------------------------------------------
START NEW RUN: 2025-12-26 12:55:17
------------------------------------------------------------

[38;2;200;200;200m12:55:17[0m | [32;20mINFO [0m | [38;2;200;200;200m[parse_args()[0m[38;2;160;160;160m @ [0m[38;2;200;200;200mcli.py[0m[38;2;160;160;160m:[0m[38;2;200;200;200m25][0m Config path: /leonardo_work/AIFAC_S02_060/data/yk/code/apps/analysis/plot_lib/depth_overlay/configs/default.json
[38;2;200;200;200m12:55:17[0m | [32;20mINFO [0m | [38;2;200;200;200m[parse_args()[0m[38;2;160;160;160m @ [0m[38;2;200;200;200mcli.py[0m[38;2;160;160;160m:[0m[38;2;200;200;200m29][0m Default Config path: /leonardo_work/AIFAC_S02_060/data/yk/code/apps/analysis/plot_lib/depth_overlay/configs/default.json
[38;2;200;200;200m12:55:17[0m | [32;20mINFO [0m | [38;2;200;200;200m[runloger()[0m[38;2;160;160;160m @ [0m[38;2;200;200;200mcli.py[0m[38;2;160;160;160m:[0m[38;2;200;200;200m52][0m Application started
[38;2;200;200;200m12:55:17[0m | [33;20mWARNING[0m | [38;2;200;200;200m[runloger()[0m[38;2;160;160;160m @ [0m[38;2;200;200;200mcli.py[0m[38;2;160;160;160m:[0m[38;2;200;200;200m53][0m Something suspicious
[38;2;200;200;200m12:55:17[0m | [38;2;255;80;80mERROR[0m | [38;2;200;200;200m[runloger()[0m[38;2;160;160;160m @ [0m[38;2;200;200;200mcli.py[0m[38;2;160;160;160m:[0m[38;2;200;200;200m54][0m Failed to connect
[38;2;255;100;100mNoneType: None[0m
[38;2;200;200;200m12:55:17[0m | [32;20mINFO [0m | [38;2;200;200;200m[runloger()[0m[38;2;160;160;160m @ [0m[38;2;200;200;200mcli.py[0m[38;2;160;160;160m:[0m[38;2;200;200;200m56][0m Loading model from: ./models/best.pth
[38;2;200;200;200m12:55:17[0m | [32;20mINFO [0m | [38;2;200;200;200m[runloger()[0m[38;2;160;160;160m @ [0m[38;2;200;200;200mcli.py[0m[38;2;160;160;160m:[0m[38;2;200;200;200m59][0m Loading model from: [38;2;120;200;255m./models/best.pth[0m
[38;2;200;200;200m12:55:17[0m | [32;20mINFO [0m | [38;2;200;200;200m[runloger()[0m[38;2;160;160;160m @ [0m[38;2;200;200;200mcli.py[0m[38;2;160;160;160m:[0m[38;2;200;200;200m62][0m Processing file: [38;2;120;200;255m/data/train.csv[0m [38;2;140;140;140m>> {'request_id': 'abc123'}[0m

------------------------------------------------------------
START NEW RUN: 2025-12-26 12:59:22
------------------------------------------------------------

[38;2;200;200;200m12:59:22[0m | [32;20mINFO [0m | [38;2;200;200;200m[parse_args()[0m[38;2;160;160;160m @ [0m[38;2;200;200;200mcli.py[0m[38;2;160;160;160m:[0m[38;2;200;200;200m25][0m Config path: /leonardo_work/AIFAC_S02_060/data/yk/code/apps/analysis/plot_lib/depth_overlay/configs/default.json
[38;2;200;200;200m12:59:22[0m | [32;20mINFO [0m | [38;2;200;200;200m[parse_args()[0m[38;2;160;160;160m @ [0m[38;2;200;200;200mcli.py[0m[38;2;160;160;160m:[0m[38;2;200;200;200m29][0m Default Config path: /leonardo_work/AIFAC_S02_060/data/yk/code/apps/analysis/plot_lib/depth_overlay/configs/default.json
[38;2;200;200;200m12:59:22[0m | [32;20mINFO [0m | [38;2;200;200;200m[runloger()[0m[38;2;160;160;160m @ [0m[38;2;200;200;200mcli.py[0m[38;2;160;160;160m:[0m[38;2;200;200;200m52][0m Application started
[38;2;200;200;200m12:59:22[0m | [33;20mWARNING[0m | [38;2;200;200;200m[runloger()[0m[38;2;160;160;160m @ [0m[38;2;200;200;200mcli.py[0m[38;2;160;160;160m:[0m[38;2;200;200;200m53][0m Something suspicious
[38;2;200;200;200m12:59:22[0m | [38;2;255;80;80mERROR[0m | [38;2;200;200;200m[runloger()[0m[38;2;160;160;160m @ [0m[38;2;200;200;200mcli.py[0m[38;2;160;160;160m:[0m[38;2;200;200;200m54][0m Failed to connect
[38;2;255;100;100mNoneType: None[0m
[38;2;200;200;200m12:59:22[0m | [32;20mINFO [0m | [38;2;200;200;200m[runloger()[0m[38;2;160;160;160m @ [0m[38;2;200;200;200mcli.py[0m[38;2;160;160;160m:[0m[38;2;200;200;200m56][0m Loading model from: ./models/best.pth
[38;2;200;200;200m12:59:22[0m | [32;20mINFO [0m | [38;2;200;200;200m[runloger()[0m[38;2;160;160;160m @ [0m[38;2;200;200;200mcli.py[0m[38;2;160;160;160m:[0m[38;2;200;200;200m59][0m Loading model from: [38;2;120;200;255m./models/best.pth[0m
[38;2;200;200;200m12:59:22[0m | [32;20mINFO [0m | [38;2;200;200;200m[runloger()[0m[38;2;160;160;160m @ [0m[38;2;200;200;200mcli.py[0m[38;2;160;160;160m:[0m[38;2;200;200;200m62][0m Processing file: [38;2;120;200;255m/data/train.csv[0m [38;2;140;140;140m>> {'request_id': 'abc123'}[0m

------------------------------------------------------------
START NEW RUN: 2025-12-26 13:00:26
------------------------------------------------------------

[38;2;200;200;200m13:00:26[0m | [32;20mINFO [0m | [38;2;200;200;200m[parse_args()[0m[38;2;160;160;160m @ [0m[38;2;200;200;200mcli.py[0m[38;2;160;160;160m:[0m[38;2;200;200;200m25][0m Config path: /leonardo_work/AIFAC_S02_060/data/yk/code/apps/analysis/plot_lib/depth_overlay/configs/default.json
[38;2;200;200;200m13:00:26[0m | [32;20mINFO [0m | [38;2;200;200;200m[parse_args()[0m[38;2;160;160;160m @ [0m[38;2;200;200;200mcli.py[0m[38;2;160;160;160m:[0m[38;2;200;200;200m29][0m Default Config path: /leonardo_work/AIFAC_S02_060/data/yk/code/apps/analysis/plot_lib/depth_overlay/configs/default.json
[38;2;200;200;200m13:00:26[0m | [32;20mINFO [0m | [38;2;200;200;200m[runloger()[0m[38;2;160;160;160m @ [0m[38;2;200;200;200mcli.py[0m[38;2;160;160;160m:[0m[38;2;200;200;200m52][0m Application started
[38;2;200;200;200m13:00:26[0m | [33;20mWARNING[0m | [38;2;200;200;200m[runloger()[0m[38;2;160;160;160m @ [0m[38;2;200;200;200mcli.py[0m[38;2;160;160;160m:[0m[38;2;200;200;200m53][0m Something suspicious
[38;2;200;200;200m13:00:26[0m | [38;2;255;80;80mERROR[0m | [38;2;200;200;200m[runloger()[0m[38;2;160;160;160m @ [0m[38;2;200;200;200mcli.py[0m[38;2;160;160;160m:[0m[38;2;200;200;200m54][0m Failed to connect
[38;2;255;100;100mNoneType: None[0m
[38;2;200;200;200m13:00:26[0m | [32;20mINFO [0m | [38;2;200;200;200m[runloger()[0m[38;2;160;160;160m @ [0m[38;2;200;200;200mcli.py[0m[38;2;160;160;160m:[0m[38;2;200;200;200m56][0m Loading model from: ./models/best.pth
[38;2;200;200;200m13:00:26[0m | [32;20mINFO [0m | [38;2;200;200;200m[runloger()[0m[38;2;160;160;160m @ [0m[38;2;200;200;200mcli.py[0m[38;2;160;160;160m:[0m[38;2;200;200;200m59][0m Loading model from: [38;2;120;200;255m./models/best.pth[0m
[38;2;200;200;200m13:00:26[0m | [32;20mINFO [0m | [38;2;200;200;200m[runloger()[0m[38;2;160;160;160m @ [0m[38;2;200;200;200mcli.py[0m[38;2;160;160;160m:[0m[38;2;200;200;200m62][0m Processing file: [38;2;120;200;255m/data/train.csv[0m [38;2;140;140;140m>> {'request_id': 'abc123'}[0m

------------------------------------------------------------
START NEW RUN: 2025-12-26 13:06:26
------------------------------------------------------------


------------------------------------------------------------
START NEW RUN: 2025-12-26 13:08:20
------------------------------------------------------------

[38;2;200;200;200m13:08:20[0m | [32;20mINFO [0m | [38;2;200;200;200m[parse_args()[0m[38;2;160;160;160m @ [0m[38;2;200;200;200mcli.py[0m[38;2;160;160;160m:[0m[38;2;200;200;200m25][0m Config path: /leonardo_work/AIFAC_S02_060/data/yk/code/apps/analysis/plot_lib/depth_overlay/configs/default.json
[38;2;200;200;200m13:08:20[0m | [32;20mINFO [0m | [38;2;200;200;200m[parse_args()[0m[38;2;160;160;160m @ [0m[38;2;200;200;200mcli.py[0m[38;2;160;160;160m:[0m[38;2;200;200;200m29][0m Default Config path: /leonardo_work/AIFAC_S02_060/data/yk/code/apps/analysis/plot_lib/depth_overlay/configs/default.json
[38;2;200;200;200m13:08:20[0m | [32;20mINFO [0m | [38;2;200;200;200m[runloger()[0m[38;2;160;160;160m @ [0m[38;2;200;200;200mcli.py[0m[38;2;160;160;160m:[0m[38;2;200;200;200m52][0m Application started
[38;2;200;200;200m13:08:20[0m | [33;20mWARNING[0m | [38;2;200;200;200m[runloger()[0m[38;2;160;160;160m @ [0m[38;2;200;200;200mcli.py[0m[38;2;160;160;160m:[0m[38;2;200;200;200m53][0m Something suspicious
[38;2;200;200;200m13:08:20[0m | [38;2;255;80;80mERROR[0m | [38;2;200;200;200m[runloger()[0m[38;2;160;160;160m @ [0m[38;2;200;200;200mcli.py[0m[38;2;160;160;160m:[0m[38;2;200;200;200m54][0m Failed to connect
[38;2;255;100;100mNoneType: None[0m
[38;2;200;200;200m13:08:20[0m | [32;20mINFO [0m | [38;2;200;200;200m[runloger()[0m[38;2;160;160;160m @ [0m[38;2;200;200;200mcli.py[0m[38;2;160;160;160m:[0m[38;2;200;200;200m56][0m Loading model from: ./models/best.pth
[38;2;200;200;200m13:08:20[0m | [32;20mINFO [0m | [38;2;200;200;200m[runloger()[0m[38;2;160;160;160m @ [0m[38;2;200;200;200mcli.py[0m[38;2;160;160;160m:[0m[38;2;200;200;200m59][0m Loading model from: [38;2;120;200;255m./models/best.pth[0m
[38;2;200;200;200m13:08:20[0m | [32;20mINFO [0m | [38;2;200;200;200m[runloger()[0m[38;2;160;160;160m @ [0m[38;2;200;200;200mcli.py[0m[38;2;160;160;160m:[0m[38;2;200;200;200m62][0m Processing file: [38;2;120;200;255m/data/train.csv[0m [38;2;140;140;140m>> {'request_id': 'abc123'}[0m

------------------------------------------------------------
START NEW RUN: 2025-12-26 13:12:48
------------------------------------------------------------

[90m13:12:48[0m | [32mINFO [0m | [90m[parse_args()[0m[37m @ [0m[90mcli.py[0m[37m:[0m[90m25][0m Config path: /leonardo_work/AIFAC_S02_060/data/yk/code/apps/analysis/plot_lib/depth_overlay/configs/default.json
[90m13:12:48[0m | [32mINFO [0m | [90m[parse_args()[0m[37m @ [0m[90mcli.py[0m[37m:[0m[90m29][0m Default Config path: /leonardo_work/AIFAC_S02_060/data/yk/code/apps/analysis/plot_lib/depth_overlay/configs/default.json
[90m13:12:48[0m | [32mINFO [0m | [90m[runloger()[0m[37m @ [0m[90mcli.py[0m[37m:[0m[90m52][0m Application started
[90m13:12:48[0m | [33mWARNING[0m | [90m[runloger()[0m[37m @ [0m[90mcli.py[0m[37m:[0m[90m53][0m Something suspicious
[90m13:12:48[0m | [31mERROR[0m | [90m[runloger()[0m[37m @ [0m[90mcli.py[0m[37m:[0m[90m54][0m Failed to connect
[31mNoneType: None[0m
[90m13:12:48[0m | [32mINFO [0m | [90m[runloger()[0m[37m @ [0m[90mcli.py[0m[37m:[0m[90m56][0m Loading model from: ./models/best.pth
[90m13:12:48[0m | [32mINFO [0m | [90m[runloger()[0m[37m @ [0m[90mcli.py[0m[37m:[0m[90m59][0m Loading model from: [34m./models/best.pth[0m
[90m13:12:48[0m | [32mINFO [0m | [90m[runloger()[0m[37m @ [0m[90mcli.py[0m[37m:[0m[90m62][0m Processing file: [34m/data/train.csv[0m [90m>> {'request_id': 'abc123'}[0m

------------------------------------------------------------
START NEW RUN: 2025-12-26 13:18:30
------------------------------------------------------------

[90m13:18:30[0m | [32mINFO [0m | [90m[parse_args()[0m[37m @ [0m[90mcli.py[0m[37m:[0m[90m25][0m Config path: /leonardo_work/AIFAC_S02_060/data/yk/code/apps/analysis/plot_lib/depth_overlay/configs/default.json
[90m13:18:30[0m | [32mINFO [0m | [90m[parse_args()[0m[37m @ [0m[90mcli.py[0m[37m:[0m[90m29][0m Default Config path: /leonardo_work/AIFAC_S02_060/data/yk/code/apps/analysis/plot_lib/depth_overlay/configs/default.json
[90m13:18:30[0m | [32mINFO [0m | [90m[runloger()[0m[37m @ [0m[90mcli.py[0m[37m:[0m[90m52][0m Application started
[90m13:18:30[0m | [33mWARNING[0m | [90m[runloger()[0m[37m @ [0m[90mcli.py[0m[37m:[0m[90m53][0m Something suspicious
[90m13:18:30[0m | [31mERROR[0m | [90m[runloger()[0m[37m @ [0m[90mcli.py[0m[37m:[0m[90m54][0m Failed to connect
[31mNoneType: None[0m
[90m13:18:30[0m | [32mINFO [0m | [90m[runloger()[0m[37m @ [0m[90mcli.py[0m[37m:[0m[90m56][0m Loading model from: ./models/best.pth
[90m13:18:30[0m | [32mINFO [0m | [90m[runloger()[0m[37m @ [0m[90mcli.py[0m[37m:[0m[90m59][0m Loading model from: [36m./models/best.pth[0m
[90m13:18:30[0m | [32mINFO [0m | [90m[runloger()[0m[37m @ [0m[90mcli.py[0m[37m:[0m[90m62][0m Processing file: [36m/data/train.csv[0m [90m>> {'request_id': 'abc123'}[0m

------------------------------------------------------------
START NEW RUN: 2025-12-26 13:20:31
------------------------------------------------------------

13:20:31 | INFO  | [parse_args() @ cli.py:25] Config path: /leonardo_work/AIFAC_S02_060/data/yk/code/apps/analysis/plot_lib/depth_overlay/configs/default.json
13:20:31 | INFO  | [parse_args() @ cli.py:29] Default Config path: /leonardo_work/AIFAC_S02_060/data/yk/code/apps/analysis/plot_lib/depth_overlay/configs/default.json
13:20:31 | INFO  | [runloger() @ cli.py:52] Application started
13:20:31 | WARNING | [runloger() @ cli.py:53] Something suspicious
13:20:31 | ERROR | [runloger() @ cli.py:54] Failed to connect
NoneType: None
13:20:31 | INFO  | [runloger() @ cli.py:56] Loading model from: ./models/best.pth
13:20:31 | INFO  | [runloger() @ cli.py:59] Loading model from: ./models/best.pth
13:20:31 | INFO  | [runloger() @ cli.py:62] Processing file: /data/train.csv >> {'request_id': 'abc123'}

------------------------------------------------------------
START NEW RUN: 2025-12-26 13:22:40
------------------------------------------------------------

13:22:40 | INFO    | [parse_args() @ cli.py:25] Config path: /leonardo_work/AIFAC_S02_060/data/yk/code/apps/analysis/plot_lib/depth_overlay/configs/default.json
13:22:40 | INFO    | [parse_args() @ cli.py:29] Default Config path: /leonardo_work/AIFAC_S02_060/data/yk/code/apps/analysis/plot_lib/depth_overlay/configs/default.json
13:22:40 | INFO    | [runloger() @ cli.py:52] Application started
13:22:40 | WARNING | [runloger() @ cli.py:53] Something suspicious
13:22:40 | ERROR   | [runloger() @ cli.py:54] Failed to connect
NoneType: None
13:22:40 | INFO    | [runloger() @ cli.py:56] Loading model from: ./models/best.pth
13:22:40 | INFO    | [runloger() @ cli.py:59] Loading model from: ./models/best.pth
13:22:40 | INFO    | [runloger() @ cli.py:62] Processing file: /data/train.csv >> {'request_id': 'abc123'}

------------------------------------------------------------
START NEW RUN: 2025-12-26 13:35:15
------------------------------------------------------------

13:35:15 | INFO    | [parse_args() @ cli.py:25] Config path: /leonardo_work/AIFAC_S02_060/data/yk/code/apps/analysis/plot_lib/depth_overlay/configs/default.json
13:35:15 | INFO    | [parse_args() @ cli.py:29] Default Config path: /leonardo_work/AIFAC_S02_060/data/yk/code/apps/analysis/plot_lib/depth_overlay/configs/default.json
13:35:15 | DEBUG   | [parse_args() @ cli.py:43] Log path from config: logs/depth_overlay.log
13:35:15 | DEBUG   | [parse_args() @ cli.py:44] Absolute log path: /leonardo_work/AIFAC_S02_060/data/yk/code/apps/analysis/plot_lib/depth_overlay/logs/depth_overlay.log
13:35:15 | DEBUG   | [runloger() @ cli.py:51] Debug message >> {'request_id': 'abc123'}
13:35:15 | INFO    | [runloger() @ cli.py:52] Application started
13:35:15 | WARNING | [runloger() @ cli.py:53] Something suspicious
13:35:15 | ERROR   | [runloger() @ cli.py:54] Failed to connect
NoneType: None
13:35:15 | INFO    | [runloger() @ cli.py:56] Loading model from: ./models/best.pth
13:35:15 | INFO    | [runloger() @ cli.py:59] Loading model from: ./models/best.pth
13:35:15 | INFO    | [runloger() @ cli.py:62] Processing file: /data/train.csv >> {'request_id': 'abc123'}

------------------------------------------------------------
START NEW RUN: 2025-12-26 13:36:01
------------------------------------------------------------

13:36:01 | INFO    | [parse_args() @ cli.py:25] Config path: /leonardo_work/AIFAC_S02_060/data/yk/code/apps/analysis/plot_lib/depth_overlay/configs/default.json
13:36:01 | INFO    | [parse_args() @ cli.py:29] Default Config path: /leonardo_work/AIFAC_S02_060/data/yk/code/apps/analysis/plot_lib/depth_overlay/configs/default.json
13:36:01 | INFO    | [runloger() @ cli.py:52] Application started
13:36:01 | WARNING | [runloger() @ cli.py:53] Something suspicious
13:36:01 | ERROR   | [runloger() @ cli.py:54] Failed to connect
NoneType: None
13:36:01 | INFO    | [runloger() @ cli.py:56] Loading model from: ./models/best.pth
13:36:01 | INFO    | [runloger() @ cli.py:59] Loading model from: ./models/best.pth
13:36:01 | INFO    | [runloger() @ cli.py:62] Processing file: /data/train.csv >> {'request_id': 'abc123'}

------------------------------------------------------------
START NEW RUN: 2025-12-26 13:42:11
------------------------------------------------------------

13:42:11 | INFO    | [parse_args() @ cli.py:25] Config path: /leonardo_work/AIFAC_S02_060/data/yk/code/apps/analysis/plot_lib/depth_overlay/configs/default.json
13:42:11 | INFO    | [parse_args() @ cli.py:29] Default Config path: /leonardo_work/AIFAC_S02_060/data/yk/code/apps/analysis/plot_lib/depth_overlay/configs/default.json
13:42:11 | INFO    | [runloger() @ cli.py:52] Application started
13:42:11 | WARNING | [runloger() @ cli.py:53] Something suspicious
13:42:11 | ERROR   | [runloger() @ cli.py:54] Failed to connect
NoneType: None
13:42:11 | INFO    | [runloger() @ cli.py:56] Loading model from: ./models/best.pth
13:42:11 | INFO    | [runloger() @ cli.py:59] Loading model from: ./models/best.pth
13:42:11 | INFO    | [runloger() @ cli.py:62] Processing file: /data/train.csv >> {'request_id': 'abc123'}

------------------------------------------------------------
START NEW RUN: 2025-12-26 13:49:24
------------------------------------------------------------

13:49:24 | INFO    | [parse_args() @ cli.py:25] Config path: /leonardo_work/AIFAC_S02_060/data/yk/code/apps/analysis/plot_lib/depth_overlay/configs/default.json
13:49:24 | INFO    | [parse_args() @ cli.py:29] Default Config path: /leonardo_work/AIFAC_S02_060/data/yk/code/apps/analysis/plot_lib/depth_overlay/configs/default.json
13:49:24 | INFO    | [runloger() @ cli.py:52] Application started
13:49:24 | WARNING | [runloger() @ cli.py:53] Something suspicious
13:49:24 | ERROR   | [runloger() @ cli.py:54] Failed to connect
NoneType: None
13:49:24 | INFO    | [runloger() @ cli.py:56] Loading model from: ./models/best.pth
13:49:24 | INFO    | [runloger() @ cli.py:59] Loading model from: ./models/best.pth
13:49:24 | INFO    | [runloger() @ cli.py:62] Processing file: /data/train.csv >> {'request_id': 'abc123'}

------------------------------------------------------------
START NEW RUN: 2025-12-26 14:45:19
------------------------------------------------------------

14:45:19 | INFO    | [parse_args() @ cli.py:25] Config path: /leonardo_work/AIFAC_S02_060/data/yk/code/apps/analysis/plot_lib/depth_overlay/configs/default.json
14:45:19 | INFO    | [parse_args() @ cli.py:29] Default Config path: /leonardo_work/AIFAC_S02_060/data/yk/code/apps/analysis/plot_lib/depth_overlay/configs/default.json
14:45:19 | INFO    | [main() @ run_depth_overlay.py:14] Script started with args >> {'input_args': {'rgb_path': '/leonardo_work/AIFAC_S02_060/data/yk/debug/dl3dv_wai_dummy/1K_0a1b7c20a92c43c6b8954b1ac909fb2f0fa8b2997b80604bc8bbec80a1cb2da3/images/frame_00001.jpg', 'depth_path': '/leonardo_work/AIFAC_S02_060/data/yk/debug/dl3dv_wai_dummy/1K_0a1b7c20a92c43c6b8954b1ac909fb2f0fa8b2997b80604bc8bbec80a1cb2da3/mvsanywhere/v0/depth/frame_00001.exr', 'export_dir': './output', 'dense_dataset': False, 'alpha': 0.6, 'log_path': 'logs/depth_overlay.log', 'config_path': 'configs/default.json'}}
14:45:19 | WARNING | [plot_overlay() @ overlay.py:46] Dimension mismatch, resizing depth map >> {'rgb_shape': (267, 478), 'depth_shape': (480, 640)}
14:45:20 | INFO    | [get_save_path() @ overlay.py:16] Generating save path >> {'full_path': '/leonardo_work/AIFAC_S02_060/data/yk/code/apps/analysis/plot_lib/depth_overlay/output/1K_0a1b7c20a92c43c6b8954b1ac909fb2f0fa8b2997b80604bc8bbec80a1cb2da3/frame_00001.jpg', 'abs_path': '/leonardo_work/AIFAC_S02_060/data/yk/code/apps/analysis/plot_lib/depth_overlay/output', 'file_name': '1K_0a1b7c20a92c43c6b8954b1ac909fb2f0fa8b2997b80604bc8bbec80a1cb2da3/frame_00001.jpg'}
14:45:20 | INFO    | [plot_overlay() @ overlay.py:67] Saving figure to /leonardo_work/AIFAC_S02_060/data/yk/code/apps/analysis/plot_lib/depth_overlay/output/1K_0a1b7c20a92c43c6b8954b1ac909fb2f0fa8b2997b80604bc8bbec80a1cb2da3/frame_00001.jpg
14:45:20 | INFO    | [main() @ run_depth_overlay.py:18] Export full path: /leonardo_work/AIFAC_S02_060/data/yk/code/apps/analysis/plot_lib/depth_overlay/output
14:45:20 | INFO    | [main() @ run_depth_overlay.py:19] RGB Full path: /leonardo_work/AIFAC_S02_060/data/yk/debug/dl3dv_wai_dummy/1K_0a1b7c20a92c43c6b8954b1ac909fb2f0fa8b2997b80604bc8bbec80a1cb2da3/images/frame_00001.jpg
14:45:20 | INFO    | [main() @ run_depth_overlay.py:20] -- Process finished --

------------------------------------------------------------
START NEW RUN: 2025-12-26 14:52:11
------------------------------------------------------------

14:52:11 | INFO    | [parse_args() @ cli.py:25] Config path: /leonardo_work/AIFAC_S02_060/data/yk/code/apps/analysis/plot_lib/depth_overlay/configs/default.json
14:52:11 | INFO    | [parse_args() @ cli.py:29] Default Config path: /leonardo_work/AIFAC_S02_060/data/yk/code/apps/analysis/plot_lib/depth_overlay/configs/default.json
14:52:11 | WARNING | [plot_overlay() @ overlay.py:46] Dimension mismatch, resizing depth map >> {'rgb_shape': (267, 478), 'depth_shape': (480, 640)}
14:52:11 | INFO    | [get_save_path() @ overlay.py:16] Generating save path >> {'full_path': '/leonardo_work/AIFAC_S02_060/data/yk/code/apps/analysis/plot_lib/depth_overlay/output/1K_0a1b7c20a92c43c6b8954b1ac909fb2f0fa8b2997b80604bc8bbec80a1cb2da3/frame_00001.jpg', 'abs_path': '/leonardo_work/AIFAC_S02_060/data/yk/code/apps/analysis/plot_lib/depth_overlay/output', 'file_name': '1K_0a1b7c20a92c43c6b8954b1ac909fb2f0fa8b2997b80604bc8bbec80a1cb2da3/frame_00001.jpg'}
14:52:11 | INFO    | [plot_overlay() @ overlay.py:67] Saving figure to /leonardo_work/AIFAC_S02_060/data/yk/code/apps/analysis/plot_lib/depth_overlay/output/1K_0a1b7c20a92c43c6b8954b1ac909fb2f0fa8b2997b80604bc8bbec80a1cb2da3/frame_00001.jpg

------------------------------------------------------------
START NEW RUN: 2025-12-26 15:00:23
------------------------------------------------------------

15:00:23 | INFO    | [parse_args() @ cli.py:25] Config path: /leonardo_work/AIFAC_S02_060/data/yk/code/apps/analysis/plot_lib/depth_overlay/configs/default.json
15:00:23 | INFO    | [parse_args() @ cli.py:29] Default Config path: /leonardo_work/AIFAC_S02_060/data/yk/code/apps/analysis/plot_lib/depth_overlay/configs/default.json
15:00:23 | ERROR   | [plot_overlay() @ overlay.py:34] Depth file not found /leonardo_work/AIFAC_S02_060/data/yk/debug/output/da3/dense/align_to_scale_conf_40/dense/depth/frame_00100.npy

------------------------------------------------------------
START NEW RUN: 2025-12-26 15:02:41
------------------------------------------------------------

15:02:41 | INFO    | [parse_args() @ cli.py:25] Config path: /leonardo_work/AIFAC_S02_060/data/yk/code/apps/analysis/plot_lib/depth_overlay/configs/default.json
15:02:41 | INFO    | [parse_args() @ cli.py:29] Default Config path: /leonardo_work/AIFAC_S02_060/data/yk/code/apps/analysis/plot_lib/depth_overlay/configs/default.json
15:02:41 | ERROR   | [plot_overlay() @ overlay.py:34] Depth file not found /leonardo_work/AIFAC_S02_060/data/yk/debug/output/da3/dense/align_to_scale_conf_40/dense/depth/frame_00100.npy

------------------------------------------------------------
START NEW RUN: 2025-12-26 15:03:17
------------------------------------------------------------

15:03:17 | INFO    | [parse_args() @ cli.py:25] Config path: /leonardo_work/AIFAC_S02_060/data/yk/code/apps/analysis/plot_lib/depth_overlay/configs/default.json
15:03:17 | INFO    | [parse_args() @ cli.py:29] Default Config path: /leonardo_work/AIFAC_S02_060/data/yk/code/apps/analysis/plot_lib/depth_overlay/configs/default.json
15:03:17 | ERROR   | [plot_overlay() @ overlay.py:34] Depth file not found /leonardo_work/AIFAC_S02_060/data/yk/debug/output/da3/dense/align_to_scale_conf_40/dense/depth/frame_00100.npy

------------------------------------------------------------
START NEW RUN: 2025-12-26 15:08:06
------------------------------------------------------------

15:08:06 | INFO    | [parse_args() @ cli.py:25] Config path: /leonardo_work/AIFAC_S02_060/data/yk/code/apps/analysis/plot_lib/depth_overlay/configs/default.json
15:08:06 | INFO    | [parse_args() @ cli.py:29] Default Config path: /leonardo_work/AIFAC_S02_060/data/yk/code/apps/analysis/plot_lib/depth_overlay/configs/default.json
15:08:06 | ERROR   | [plot_overlay() @ overlay.py:34] Depth file not found /leonardo_work/AIFAC_S02_060/data/yk/debug/output/da3/dense/align_to_scale_conf_40/dense/depth/frame_00001.npy

------------------------------------------------------------
START NEW RUN: 2025-12-26 15:17:10
------------------------------------------------------------

15:17:10 | INFO    | [parse_args() @ cli.py:25] Config path: /leonardo_work/AIFAC_S02_060/data/yk/code/apps/analysis/plot_lib/depth_overlay/configs/default.json
15:17:10 | INFO    | [parse_args() @ cli.py:29] Default Config path: /leonardo_work/AIFAC_S02_060/data/yk/code/apps/analysis/plot_lib/depth_overlay/configs/default.json
15:17:10 | WARNING | [plot_overlay() @ overlay.py:49] Dimension mismatch, resizing depth map >> {'rgb_shape': (267, 478), 'depth_shape': (480, 640)}

------------------------------------------------------------
START NEW RUN: 2025-12-26 15:34:02
------------------------------------------------------------

15:34:02 | INFO    | [parse_args() @ cli.py:25] Config path: /leonardo_work/AIFAC_S02_060/data/yk/code/apps/analysis/plot_lib/depth_overlay/configs/default.json
15:34:02 | INFO    | [parse_args() @ cli.py:29] Default Config path: /leonardo_work/AIFAC_S02_060/data/yk/code/apps/analysis/plot_lib/depth_overlay/configs/default.json
15:34:02 | INFO    | [get_depth_map() @ overlay.py:22] Depth file is a numpy array /leonardo_work/AIFAC_S02_060/data/yk/debug/output/da3/dense/align_to_scale_conf_40/dense/depth/frame_00001.npy

------------------------------------------------------------
START NEW RUN: 2025-12-26 16:06:22
------------------------------------------------------------

16:06:22 | INFO    | [get_depth_map() @ overlay.py:22] Depth file is a numpy array /leonardo_work/AIFAC_S02_060/data/yk/debug/output/da3/dense/align_to_scale_conf_40/dense/depth/frame_00001.npy

------------------------------------------------------------
START NEW RUN: 2025-12-26 16:55:35
------------------------------------------------------------


------------------------------------------------------------
START NEW RUN: 2025-12-26 16:55:51
------------------------------------------------------------


------------------------------------------------------------
START NEW RUN: 2025-12-26 16:56:21
------------------------------------------------------------


------------------------------------------------------------
START NEW RUN: 2025-12-26 16:56:51
------------------------------------------------------------

16:56:51 | INFO    | [get_depth_map() @ research_utils/viz/overlay.py:22] Depth file is a numpy array /leonardo_work/AIFAC_S02_060/data/yk/debug/output/da3/dense/align_to_scale_conf_40/dense/depth/frame_00300.npy

------------------------------------------------------------
START NEW RUN: 2025-12-26 17:18:28
------------------------------------------------------------

17:18:28 | INFO    | [get_depth_map() @ research_utils/viz/overlay.py:22] Depth file is a numpy array /leonardo_work/AIFAC_S02_060/data/yk/debug/output/da3/dense/align_to_scale_conf_40/dense/depth/frame_00100.npy

------------------------------------------------------------
START NEW RUN: 2025-12-26 17:22:52
------------------------------------------------------------

17:22:52 | INFO    | [get_depth_map() @ research_utils/viz/overlay.py:22] Depth file is a numpy array /leonardo_work/AIFAC_S02_060/data/yk/debug/output/da3/dense/align_to_scale_conf_40/dense/depth/frame_00100.npy

------------------------------------------------------------
START NEW RUN: 2025-12-26 17:24:44
------------------------------------------------------------

17:24:44 | INFO    | [get_depth_map() @ research_utils/viz/overlay.py:22] Depth file is a numpy array /leonardo_work/AIFAC_S02_060/data/yk/debug/output/da3/dense/align_to_scale_conf_40/dense/depth/frame_00100.npy

------------------------------------------------------------
START NEW RUN: 2025-12-26 17:27:09
------------------------------------------------------------

17:27:09 | INFO    | [get_depth_map() @ research_utils/viz/overlay.py:22] Depth file is a numpy array /leonardo_work/AIFAC_S02_060/data/yk/debug/output/da3/dense/align_to_scale_conf_40/dense/depth/frame_00100.npy

------------------------------------------------------------
START NEW RUN: 2025-12-26 17:29:01
------------------------------------------------------------

17:29:01 | INFO    | [get_depth_map() @ research_utils/viz/overlay.py:22] Depth file is a numpy array /leonardo_work/AIFAC_S02_060/data/yk/debug/output/da3/dense/align_to_scale_conf_40/dense/depth/frame_00100.npy

------------------------------------------------------------
START NEW RUN: 2025-12-26 17:32:53
------------------------------------------------------------

17:32:53 | INFO    | [get_depth_map() @ research_utils/viz/overlay.py:22] Depth file is a numpy array /leonardo_work/AIFAC_S02_060/data/yk/debug/output/da3/dense/align_to_scale_conf_40/dense/depth/frame_00200.npy

------------------------------------------------------------
START NEW RUN: 2025-12-26 17:37:10
------------------------------------------------------------

17:37:10 | INFO    | [get_depth_map() @ research_utils/viz/overlay.py:22] Depth file is a numpy array /leonardo_work/AIFAC_S02_060/data/yk/debug/output/da3/dense/align_to_scale_conf_40/dense/depth/frame_00150.npy
